[    0.000000] Linux version 4.15.0-39-genic (buildd@lgw01-amd64-054) (gcc version 7.3.0 (Ubuntu 7.3.0-16ubuntu3)) #42-Ubuntu SMP Tue Oct 23 15:48:01 UTC 18 (Ubuntu 4.15.0-39.42-generic 4.15.18)
[    0.000000] Command line: BOOT_IMAGE=/boo/vmlinuz-4.15.0-39-generic root=LABEL=cloudimg-rootfs ro console=tty1 console=ttyS0
[    0.000000] KERNEL supported cpus:
[    0.000000]   Intel GenuineIntel
[    0.000000]   AMD AuthenticAMD
[    0.000000]   Centaur CentaurHauls
[    0.000000] x86/fpu: Supportig XSAVE feature 0x001: 'x87 floating point registers'
[    0.000000] x86/fpu: Supporting XSAVE feature 0x002: 'SSE registers'
[    0.000000] x86/fpu: Supporting XSAVE feature 0x004: 'AVX registers'
[    0.000000] x86/fpu: xstate_offset[2]:  576, xstate_sizes[2]:  256
[    0.000000] x86/fpu: Enabled xstate features 0x7, context size is 832 bytes, using 'standard' format.
[    .000000] e820: BIOS-provided physical AMmap:
[    0.000000] BIOS-e820: [mem 0x0000000000000000-0x000000000009fbff] usable
[    0.000000] BIOS-e820: [mem 0x000000000009fc00-0x000000000009ffff] reserved
[   0.000000] BIOS-e820: [mem 0x00000000000f0000-0x00000000000fffff] reserved
[    0.000000] BIOS-e820: [mem 0x0000000000100000-0x000000007ffeffff] usable
[    0.000000] BIOS-e820: [mem 0x000000007fff0000-0x000000007fffffff] ACPI data
   0.000000] BIOS-e820: [mem 0x00000000fec00000-0x00000000fec00fff] reserved
[    0.000000] BIOS-e820: [mem 0x00000000fee00000-0x00000000fee00fff] reserved
[    0.000000] BIOS-e820: [mem 0x00000000fffc0000-0x00000000ffffffff] reserved
[    0.000000] NX (Execute Disable) protection: active
[    0.000000] SMBIOS 2.5 present.
[    0.000000] DMI: innotek GmbH VirtualBox/VirtualBox, BIOS VirtualBox 12/01/2006
[   0.000000] Hypervisor detected: KVM
[    0.000000] e820: last_pfn = 0x7fff0 max_arch_pfn = 0x400000000
[    0.000000] MTRR: Disabled
[    0.000000] x86/PAT: MTRRs disabled, skipping PAT initialization too.
[    0.000000] CPU MTRRs all blank - virtualized system.
[    0.000000] x86/PAT: Configuration [0-7]: WB  WT  UC- UC  WB  WT  UC- UC  
[    0.000000] found SMP MP-table at [mem 0x0009fff0-0x0009ffff] mapped at [        (ptrval)]
[    0.000000] Scanning 1 areas for low memory corruption
[    0.000000] RAMDISK: [mem 0x35adf000-0x36d66fff]
[    0.000000] ACPI: Early table checksum verification disabled
[    0.000000] ACPI: RSDP 0x00000000000E0000 000024 (v02 VBOX  )
[    0.000000] ACPI: XSDT 0x000000007FFF0030 00003C (v01 VBOX   VBOXXSDT 00000001 ASL  00000061)
[    0.000000] ACPI: FACP 0x000000007FFF00F0 0000F4 (v04 VBOX   VBOXFACP 00000001 ASL  00000061)
[    0.000000] ACPI: DSDT 0x000000007FFF0470 0021FF (v02 VBOX   VBOXBIOS 00000002 INTL 20180105)
[    0.000000] ACPI: FACS 0x000000007FFF0200 000040
[    0.000000] ACPI: FACS 0x000000007FFF0200 000040
[    0.000000] ACPI: APIC 0x000000007FFF0240 00005C (v02 VBOX   VBOXAPIC 00000001 ASL  00000061)
[    0.000000] ACPI: SSDT 0x000000007FFF02A0 0001CC (v01 VBOX   VBOXCPUT 00000002 INTL 20180105)
[    0.000000] No NUMA configuration found
[    0.000000] Faking a node at [mem 0x0000000000000000-0x000000007ffeffff]
[    0.000000] NODE_DATA(0) allocated [mem 0x7ffc5000-0x7ffeffff]
[    0.000000] kvm-clock: cpu 0, msr 0:7ff44001, primary cpu clock
[    0.000000] kvm-clock: Using msrs 4b564d01 and 4b564d00
[    0.000000] kvm-clock: using sched offset of 3079837658 cycles
[    0.000000] clocksource: kvm-clock: mask: 0xffffffffffffffff max_cycles: 0x1cd42e4dffb, max_idle_ns: 881590591483 ns
[    0.000000] Zone ranges:
[    0.000000]   DMA      [mem 0x0000000000001000-0x0000000000ffffff]
[    0.000000]   DMA32    [mem 0x0000000001000000-0x000000007ffeffff]
[    0.000000]   Normal   empty
[    0.000000]   Device   empty
[    0.000000] Movable zone start for each node
[    0.000000] Early memory node ranges
[    0.000000]   node   0: [m 00000000000001000-0x000000000009efff]
[    0.000000]   node   0: [mem 0x0000000000100000-0x000000007ffeffff]
[    0.000000] Initmem setup node 0 [mem 0x0000000000001000-0x000000007ffeffff]
[    0.000000] Reserved but unavailable: 98 pages
[    0.000000] ACPI: PM-Timer IO Port: 0x4008
[    0.000000] IOAPIC[0]: apic_id 2, version 32, address 0xfec00000, GSI 0-23
[    0.000000] ACPI: INT_SRC_OVR (bus 0 bus_irq 0 global_irq 2 dfl dfl)
[    0.000000] ACPI: INT_SRC_OVR (bus 0 bus_irq 9 global_irq 9 low level)
[    0.000000] Using ACPI (MADT) for SMP configuration information
[    0.000000] smpboot: Allowing 2 CPUs, 0 hotplug CPUs
[    0.000000] PM: Registered nosave memory: [mem 0x00000000-0x00000fff]
[    0.000000] PM: Registered nosave memory: [mem 0x0009f000-0x0009ffff]
[    0.000000] PM: Registered nosave memory: [mem 0x000a0000-0x000effff]
[    0.000000] PM: Registered nosave memory: [mem 0x000f0000-0x000fffff]
[    0.000000] e820: [mem x80000000-0xfebfffff] available for PCI devices
[    0.000000] Booting paravirtualized kernel on KVM
[    0.000000] clocksource: refined-jiffies: mask: 0xffffffff max_cycles: 0xffffffff, max_idle_ns: 7645519600211568 ns
[    0.000000] random: get_random_bytes called from start_kernel+0x99/0x4fd with crng_init=0
[    0.000000] setup_percpu: NR_CPUS:8192 nr_cpumask_bits:2 nr_cpu_ids:2 nr_node_ids:1
[    0.000000] percpu: Embedded 46 pages/cpu @        (ptrval) s151552r8192 d28672 u1048576
[    0.000000] PV qspinlock hash table entrie: 56 (order: 0, 4096 bytes)
[    0.000000] Built 1 zonelists, mobility grouping on.  Total pages: 515961
[    0.000000] Policy zone: DMA32
[    0.000000] Kernel command line: BOOT_IMAGE=/boot/vmlinuz-4.15.0-39-generic root=LABEL=cloudimg-rootfs ro console=tty1 console=ttyS0
[    0.000000] Memory: 2015800K/2096696K available (12300K kernel code, 2472K rwdata, 4248K rodata, 2408K init, 2416K bss, 80896K reserved, 0K cma-reserved)
[    0.000000] SLUB: HWalign=64, Order=0-3, MinObjects=0, CPUs=2, Nodes=1
[    0.000000] Kernel/User page tables isolation: enabled
[    0.000000] ftrace: allocating 39178 entries in 154 pages
[    0.004000] Hierarchical RCU implementation.
[    0.004000] 	RCU restricting CPUs from NR_CPUS=8192 to nr_cpu_ids=2.
[    0.004000] 	Tasks RCU enabled.
[    0.004000] RCU: Adjusting geometry for rcu_fanout_leaf=16, nr_cpu_ids=2
[    0.004000] NR_IRQS: 524544, nr_irqs: 440, preallocated irqs: 16
[    0.004000] Console: colour VGA+ 80x25
[    0.004000] console [tty1] enabled
[    0.004000] console [ttyS0] enabled
[    0.004000] ACPI: Core revision 20170831
[    0.004000] ACPI: 2 ACPI AML tables successfully acquired and loaded
[    0.004000] APIC: Switch to symmetric I/O mode setup
[    0.004192] x2apic enabled
[    0.004670] Switched APIC routing to physical x2apic.
[    0.005988] ..TIMER: vector=0x30 apic1=0 pin1=2 apic2=-1 pin2=-1
[    0.008001] tsc: Detected 3504.000 MHz processor
[    0.008511] Calibrating delay loop (skipped) preset value.. 7008.00 BogoMIPS (lpj=14016000)
[    0.012002] pid_max: default: 32768 minimum: 301
[    0.016028] Security Framework initialized
[    0.020004] Yama: becoming mindful.
[    0.024028] AppArmor: AppArmor initialized
[    0.028496] Dentry cache hash table entries: 262144 (order: 9, 2097152 bytes)
[    0.032405] Inode-cache hash table entries: 131072 (order: 8, 1048576 bytes)
[    0.036022] Mount-cache hash table entries: 4096 (order: 3, 32768 bytes)
[    0.040009] Mountpoint-cache hash table entries: 4096 (order: 3, 32768 bytes)
[    0.044184] mce: CPU supports 0 MCE banks
[    0.048016] Last level iTLB entries: 4KB 128, 2MB 8, 4MB 8
[    0.052005] Last level dTLB entries: 4KB 64, 2MB 0, 4MB 0, 1GB 4
[    0.056005] Spectre V2 : Mitigation: Full generic retpoline
[    0.060003] Spectre V2 : Spectre v2 / SpectreRSB mitigation: Filling RSB on context switch
[    0.064003] Speculative Store Bypass: Vulnerable
[    0.068075] Freeing SMP alternatives memory: 36K
[    0.076000] smpboot: CPU0: Intel(R) Core(TM) i5-6600K CPU @ 3.50GHz (family: 0x6, model: 0x5e, stepping: 0x3)
[    0.076067] Performance Events: unsupported p6 CPU model 94 no PMU driver, software events only.
[    0.080051] Hierarchical SRCU implementation.
[    0.084469] NMI watchdog: Perf event create on CPU 0 failed with -2
[    0.088005] NMI watchdog: Perf NMI watchdog permanently disabled
[    0.092054] smp: Bringing up secondary CPUs ...
[    0.096082] x86: Booting SMP configuration:
[    0.100006] .... node  #0, CPUs:      #1
[    0.004000] kvm-clock: cpu 1, msr 0:7ff44041, secondary cpu clock
[    0.004000] mce: CPU supports 0 MCE banks
[    0.354037] smp: Brought up 1 node, 2 CPUs
[    0.356007] smpboot: Max logical packages: 1
[    0.360005] smpboot: Total of 2 processors activated (14016.00 BogoMIPS)
[    0.364132] devtmpfs: initialized
[    0.368052] x86/mm: Memory block size: 128MB
[    0.372173] evm: security.selinux
[    0.376009] evm: security.SMACK64
[    0.380004] evm: security.SMACK64EXEC
[    0.380400] evm: security.SMACK64TRANSMUTE
[    0.384004] evm: security.SMACK64MMAP
[    0.388004] evm: security.apparmor
[    0.388373] evm: security.ima
[    0.388700] evm: security.capability
[    0.389121] clocksource: jiffies: mask: 0xffffffff max_cycles: 0xffffffff, max_idle_ns: 7645041785100000 ns
[    0.389121] futex hash table entries: 512 (order: 3, 32768 bytes)
[    0.389579] pinctrl core: initialized pinctrl subsystem
[    0.390172] RTC time:  4:14:20, date: 11/28/18
[    0.392077] NET: Registered protocol family 16
[    0.392591] audit: initializing netlink subsys (disabled)
[    0.396035] audit: type=2000 audit(1543378444.861:1): state=initialized audit_enabled=0 res=1
[    0.404009] cpuidle: using governor ladder
[    0.408014] cpuidle: using governor menu
[    0.408468] ACPI: bus type PCI registered
[    0.408888] acpiphp: ACPI Hot Plug PCI Controller Driver version: 0.5
[    0.409588] PCI: Using configuration type 1 for base access
[    0.412029] HugeTLB registered 2.00 MiB page size, pre-allocated 0 pages
[    0.416067] ACPI: Added _OSI(Module Device)
[    0.416509] ACPI: Added _OSI(Processor Device)
[    0.420005] ACPI: Added _OSI(3.0 _SCP Extensions)
[    0.424012] ACPI: Added _OSI(Processor Aggregator Device)
[    0.424550] ACPI: Added _OSI(Linux-Dell-Video)
[    0.425003] ACPI: Added _OSI(Linux-Lenovo-NV-HDMI-Audio)
[    0.425716] ACPI: Executed 1 blocks of module-level executable AML code
[    0.430426] ACPI: Interpreter enabled
[    0.430827] ACPI: (supports S0 S5)
[    0.431193] ACPI: Using IOAPIC for interrupt routing
[    0.431856] PCI: Using host bridge windows from ACPI; if necessary, use "pci=nocrs" and report a bug
[    0.432105] ACPI: Enabled 2 GPEs in block 00 to 07
[    0.440603] ACPI: PCI Root Bridge [PCI0] (domain 0000 [bus 00-ff])
[    0.444014] acpi PNP0A03:00: _OSC: OS supports [ASPM ClockPM Segments MSI]
[    0.448039] acpi PNP0A03:00: _OSC: not requesting OS control; OS requires [ExtendedConfig ASPM ClockPM MSI]
[    0.452019] acpi PNP0A03:00: fail to add MMCONFIG information, can't access extended PCI configuration space under this bridge.
[    0.456256] PCI host bridge to bus 0000:00
[    0.460007] pci_bus 0000:00: root bus resource [io  0x0000-0x0cf7 window]
[    0.464007] pci_bus 0000:00: root bus resource [io  0x0d00-0xffff window]
[    0.468011] pci_bus 0000:00: root bus resource [mem 0x000a0000-0x000bffff window]
[    0.472007] pci_bus 0000:00: root bus resource [mem 0x80000000-0xfdffffff window]
[    0.476007] pci_bus 0000:00: root bus resource [bus 00-ff]
[    0.481137] pci 0000:00:01.1: legacy IDE quirk: reg 0x10: [io  0x01f0-0x01f7]
[    0.484006] pci 0000:00:01.1: legacy IDE quirk: reg 0x14: [io  0x03f6]
[    0.488002] pci 0000:00:01.1: legacy IDE quirk: reg 0x18: [io  0x0170-0x0177]
[    0.488689] pci 0000:00:01.1: legacy IDE quirk: reg 0x1c: [io  0x0376]
[    0.506432] pci 0000:00:07.0: quirk: [io  0x4000-0x403f] claimed by PIIX4 ACPI
[    0.508017] pci 0000:00:07.0: quirk: [io  0x4100-0x410f] claimed by PIIX4 SMB
[    0.524477] ACPI: PCI Interrupt Link [LNKA] (IRQs 5 9 10 *11)
[    0.528251] ACPI: PCI Interrupt Link [LNKB] (IRQs 5 9 *10 11)
[    0.528895] ACPI: PCI Interrupt Link [LNKC] (IRQs 5 *9 10 11)
[    0.532073] ACPI: PCI Interrupt Link [LNKD] (IRQs 5 9 10 *11)
[    0.540173] SCSI subsystem initialized
[    0.544057] pci 0000:00:02.0: vgaarb: setting as boot VGA device
[    0.548000] pci 0000:00:02.0: vgaarb: VGA device added: decodes=io+mem,owns=io+mem,locks=none
[    0.548008] pci 0000:00:02.0: vgaarb: bridge control possible
[    0.552001] vgaarb: loaded
[    0.552349] ACPI: bus type USB registered
[    0.556034] usbcore: registered new interface driver usbfs
[    0.560028] usbcore: registered new interface driver hub
[    0.560579] usbcore: registered new device driver usb
[    0.561133] EDAC MC: Ver: 3.0.0
[    0.564175] PCI: Using ACPI for IRQ routing
[    0.572076] NetLabel: Initializing
[    0.576004] NetLabel:  domain hash size = 128
[    0.576451] NetLabel:  protocols = UNLABELED CIPSOv4 CALIPSO
[    0.577024] NetLabel:  unlabeled traffic allowed by default
[    0.577596] clocksource: Switched to clocksource kvm-clock
[    0.584350] VFS: Disk quotas dquot_6.6.0
[  0830]FSDqt-chhash table entries: 512 (order 0, 4096 bytes)
[   3121Aprm: pAorilysm abd  1.46] p:nPCPint
[    2.149090] pnp: PnP ACPI: found 3 devices
[  23065clksrc ai_: sk0xff m_cle 0fff,axdlns2085701024 ns
[  3949]ETRestedrocofaly
[    3.657197] TCP established hash table entries: 16384 (order: 5, 131072 bytes)
[    3.784987] TCP bind hash table entries: 16384 (order: 6, 262144 bytes)
[    3.785980] TCP: Hash tables configured (established 16384 bind 16384)
[    3.786644] UDP hash table entries: 1024 (order: 3, 32768 bytes)
[    3.787234] UDP-Lite hash table entries: 1024 (order: 3, 32768 bytes)
[    3.787886] NET: Registered protocol family 1
[    3.788357] pci 0000:00:00.0: Limiting direct PCI/PCI transfers
[    3.788957] pci 0000:00:01.0: Activating ISA DMA hang workarounds
[    3.789577] pci 0000:00:02.0: Video device with shadowed ROM at [mem 0x000c0000-0x000dffff]
[    3.790461] Unpacking initramfs...
[    3.982774] Freeing initrd memory: 18976K
[    4.108841] platform rtc_cmos: registered platform RTC device (no PNP device found)
[    4.367799] Scanning for low memory corruption every 60 seconds
[    4.547068] Initialise system trusted keyrings
[    4.662810] Key type blacklist registered
[    4.764559] workingset: timestamp_bits=36 max_order=19 bucket_order=0
[    4.932233] zbud: loaded
[    4.991702] squashfs: version 4.0 (2009/01/31) Phillip Lougher
[    5.143881] tsc: Refined TSC clocksource calibration: 3504.520 MHz
[    5.152584] clocksource: tsc: mask: 0xffffffffffffffff max_cycles: 0x3283ff0571c, max_idle_ns: 440795366164 ns
[   551156444  uueeiiiit (AP  eersio  ..66
[    5.542078] Key type asymmetric registered
[    5.543686] Asymmetric key parser 'x509' registered
[    5.544222] Block layer SCSI generic (bsg) driver version 0.4 loaded (major 24))

[   555522665] io shhedllrrnnoo  eeiistered
[   55993366]] iosshhddllrr deadline registered
[    6.203637] io scheduler cfq registered (default)
[    6.297012] ACPI: AC Adapter [AC] (on-line)
[    6.361745] input: Power Button as /devices/LNXSYSTM:00/LNXPWRBN:00/input/input0
[    6.570878] ACPI: Power Button [PWRF]
[    6.663510] input: Sleep Button as /devices/LNXSYSTM:00/LNXSLPBN:00/input/input1
[    6.731938] ACPI: Sleep Button [SLPF]
[    6.732679] Serial: 8250/16550 driver, 32 ports, IRQ sharing enabled
[    6629]0:: ttS0 aI/0x8 rq 4ba_bd 1100is 150

[    7.719703] Linux agpgart ierce0.03

[    8.001502] loop: module loaded
[    8.090542] scsi host0: ata_piix
[    8.184165] scsi host1: ata_piix
[    8.268229] ata1: PATA max UDMA/33 cmd 0x1f0 ctl 0x3f6 bmdma 0xd000 irq 14
[    8.280736] ata2: PATA max UDMA/33 cmd 0x170 ctl 0x376 bmdma 0xd008 irq 15
[    8.389418] libphy: Fixed MDIO Bus: probed
[    8.482463] tun: Universal TUN/TAP device driver, 1.6
[    8.659895] PPP generic driver version 2.4.2
[    8.698343] ehci_hcd: USB 2.0 'Enhanced' Host Controller (EHCI) Driver
[    8.698975] ehci-pci: EHCI PCI platform driver
[    8.700513] ehci-platform: EHCI generic platform driver
[    8.778600] ohci_hcd: USB 1.1 'Open' Host Controller (OHCI) Driver
[    8.961492] ohci-pci: OH P patform driver
[   9.148636] hcplfo: CIeniclaordrer[  9613]hchc U UvealHo Ctroller teacdrer
[   10.348627] i8042: PNP: PS/2 Controller [PNP0303S2PNf0PS]  00,64rq,1

[   10.813 sioi82 D port at 0x60,0x64 irq 1
[   11.164627] serio: i8042 AUX port at 0x60,0x64 irq 12
[   11.165331] mousedev: PS/2 mouse device common for all mice
[   11.166432] rtc_cmos rtc_cmos: rtc core: registered rtc_cmos as rtc0
[   11.168651] input: AT Translated Set 2 keyboard as /devices/platform/i8042/serio0/input/input2
[   11.169529] rtc_cmos rtc_cmos: alarms up to one day, 114 bytes nvram
[   11.170240] i2c /dev entries driver
[   11.170614] pcie_mp2_amd: AMD(R) PCI-E MP2 Communication Driver Version: 1.0
[   11.171331] device-mapper: uevent: version 1.0.3
[   11.171864] device-mapper: ioctl: 4.37.0-ioctl (2017-09-20) initialised: dm-devel@redhat.com
[   11.172755] ledtrig-cpu: registered to indicate activity on CPUs
[   11.312018] NET: Registered protocol family 10
[   11.434760] Segment Routing with IPv6
[   11.527989] NET: Registered protocol family 17
[   11.536382] Key type dns_resolver registered
[   11.537029] RAS: Correctable Errors collector initialized.
[   11.537587] sched_clock: Marking stable (11537002937, 0)->(33300403181, -21763400244)
[   11.705973] registered taskstats version 1
[   11.821288] Loading compiled-in X.509 certificates
[   11.950354] Loaded X.509 cert 'Build time autogenerated kernel key: 28c680bedc8638650c29d29ff1fd33ae66a2014d'
[   12.094951] zswap: loaded using pool lzo/zbud
[   12.191848] Key type big_key registered
[   12.262561] Key type trusted registered
[   12.349217] Key type encrypted registered
[   12.465469] AppArmor: AppArmor sha1 policy hashing enabled
[   12.480555] ima: No TPM chip found, activating TPM-bypass! (rc=-19)
[   12.500271] ima: Allocated hash algorithm: sha1
[   12.564875] evm: HMAC attrs: 0x1
[   12.565385]   Magic number: 10:724:212
[   12.565866] rtc_cmos rtc_cmos: setting system clock to 2018-11-28 04:14:34 UTC (1543378474)
[   12.566808] BIOS EDD facility v0.16 2004-Jun-25, 0 devices found
[   12.567395] EDD information not available.
[   12.569697] Freeing unused kernel memory: 2408K
[   12.593448] Write protecting the kernel read-only data: 20480k
[   13.555939] Freeing unused kernel memory: 2008K
[   14.461395] Freeing unused kernel memory: 1896K
[   15.368382] x86/mm: Checked W+X mappings: passed, no W+X pages found.
[   16.173486] x86/mm: Checking user space page tables
[   17.094598] x86/mm: Checked W+X mappings: passed, no W+X pages found.
Loading, please wait...
starting version 237
[   18.353482] e1000: Intel(R) PRO/1000 Network Driver - version 7.3.21-k8-NAPI
[   18.617418] e1000: Copyright (c) 1999-2006 Intel Corporation.
[   18.846256] Fusion MPT base driver 3.04.20
[   18.874193] Copyright (c) 1999-2008 LSI Corporation
[   19.112987] input: ImExPS/2 Generic Explorer Mouse as /devices/platform/i8042/serio1/input/input4
[   19.641916] AVX2 version of gcm_enc/dec engaged.
[   19.800024] AES CTR mode by8 optimization enabled
[   19.866430] Fusion MPT SPI Host driver 3.04.20
[   20.090835] e1000 0000:00:03.0 eth0: (PCI:33MHz:32-bit) 02:ad:f7:32:92:86
[   20.903004] e1000 0000:00:03.0 eth0: Intel(R) PRO/1000 Network Connection
[   21.900911] e1000 0000:00:08.0 eth1: (PCI:33MHz:32-bit) 08:00:27:fd:8b:98
[   22.052236] e1000 0000:00:08.0 eth1: Intel(R) PRO/1000 Network Connection
[   22.238405] e1000 0000:00:03.0 enp0s3: renamed from eth0
[   22.279457] mptbase: ioc0: Initiating bringup
[   22.292374] e1000 0000:00:08.0 enp0s8: renamed from eth1
[   22.420551] ioc0: LSI53C1030 A0: Capabilities={Initiator}
[   22.957550] scsi host2: ioc0: LSI53C1030 A0, FwRev=00000000h, Ports=1, MaxQ=256, IRQ=20
[   23.365502] scsi 2:0:0:0: Direct-Access     VBOX     HARDDISK         1.0  PQ: 0 ANSI: 5
[   24.120145] scsi target2:0:0: Beginning Domain Validation
[   24.234756] scsi target2:0:0: Domain Validation skipping write tests
[   24.235384] scsi target2:0:0: Ending Domain Validation
[   24.235945] scsi target2:0:0: asynchronous
[   24.513891] scsi 2:0:1:0: Direct-Access     VBOX     HARDDISK         1.0  PQ: 0 ANSI: 5
[   25.264077] scsi target2:0:1: Beginning Domain Validation
[   25.314216] random: fast init done
[   25.474227] scsi target2:0:1: Domain Validation skipping write tests
[   25.668797] scsi target2:0:1: Ending Domain Validation
[   25.669429] scsi target2:0:1: asynchronous
[   25.672437] random: systemd-udevd: uninitialized urandom read (16 bytes read)
[   25.673174] sd 2:0:0:0: Attached scsi generic sg0 type 0
[   25.673248] random: systemd-udevd: uninitialized urandom read (16 bytes read)
[   25.673265] sd 2:0:0:0: [sda] 20971520 512-byte logical blocks: (10.7 GB/10.0 GiB)
[   25.673274] random: systemd-udevd: uninitialized urandom read (16 bytes read)
[   25.673287] sd 2:0:0:0: [sda] Write Protect is off
[   25.673332] sd 2:0:0:0: [sda] Incomplete mode parameter data
[   25.673333] sd 2:0:0:0: [sda] Assuming drive cache: write through
[   25.679850]  sda: sda1
[   25.680253] sd 2:0:0:0: [sda] Attached SCSI disk
[   25.792793] sd 2:0:1:0: Attached scsi generic sg1 type 0
[   25.792868] sd 2:0:1:0: [sdb] 20480 512-byte logical blocks: (10.5 MB/10.0 MiB)
[   25.792891] sd 2:0:1:0: [sdb] Write Protect is off
[   25.792933] sd 2:0:1:0: [sdb] Incomplete mode parameter data
[   25.792933] sd 2:0:1:0: [sdb] Assuming drive cache: write through
[   25.794715] sd 2:0:1:0: [sdb] Attached SCSI disk
Begin: Loading essential drivers ... [   27.808036] raid6: sse2x1   gen() 13682 MB/s
[   27.960034] raid6: sse2x1   xor() 10028 MB/s
[   28.076032] raid6: sse2x2   gen() 16975 MB/s
[   28.144047] raid6: sse2x2   xor() 11438 MB/s
[   28.276037] raid6: sse2x4   gen() 19798 MB/s
[   28.412025] raid6: sse2x4   xor() 12088 MB/s
[   28.584045] raid6: avx2x1   gen() 27657 MB/s
[   28.656036] raid6: avx2x1   xor() 19409 MB/s
[   28.828034] raid6: avx2x2   gen() 34333 MB/s
[   29.000024] raid6: avx2x2   xor() 21234 MB/s
[   29.148064] raid6: avx2x4   gen() 38258 MB/s
[   29.208037] raid6: avx2x4   xor() 23442 MB/s
[   29.312841] raid6: using algorithm avx2x4 gen() 38258 MB/s
[   29.453932] raid6: .... xor() 23442 MB/s, rmw enabled
[   29.547925] raid6: using avx2x2 recovery algorithm
[   29.549368] xor: automatically using best checksumming function   avx       
[   29.550906] async_tx: api initialized (async)
done.
Begin: Running /scripts/init-p[   29.583701] Btrfs loaded, crc32c=crc32c-intel
remount ... done.
Begin: Mounting root file system ... Begin: Running /scripts/local-top ... done.
Begin: Running /scripts/local-premount ... Scanning for Btrfs filesystems
done.
Warning: fsck no[   29.644239] EXT4-fs (sda1): mounted filesystem with ordered data mode. Opts: (null)
t present, so skipping root file system
done.
Begin: Running /scripts/local-bottom ... done.
Begin: Running /scripts/init-bottom ... done.
[   30.115868] ip_tables: (C) 2000-2006 Netfilter Core Team
[   30.223905] systemd[1]: systemd 237 running in system mode. (+PAM +AUDIT +SELINUX +IMA +APPARMOR +SMACK +SYSVINIT +UTMP +LIBCRYPTSETUP +GCRYPT +GNUTLS +ACL +XZ +LZ4 +SECCOMP +BLKID +ELFUTILS +KMOD -IDN2 +IDN -PCRE2 default-hierarchy=hybrid)
[   31.028344] systemd[1]: Detected virtualization oracle.
[   31.164367] systemd[1]: Detected architecture x86-64.

Welcome to [1mUbuntu 18.04.1 LTS[0m!

[   31.609303] systemd[1]: Set hostname to <ubuntu>.
[   31.971237] systemd[1]: Initializing machine ID from random generator.
[   32.133822] systemd[1]: Installed transient /etc/machine-id file.
[   32.548527] systemd[1]: Set up automount Arbitrary Executable File Formats File System Automount Point.
[[0;32m  OK  [0m] Set up automount Arbitrary Executab…rmats File System Automount Point.
[   33.433765] systemd[1]: Created slice User and Session Slice.
[[0;32m  OK  [0m] Created slice User and Session Slice.
[   33.648699] systemd[1]: Created slice System Slice.
[[0;32m  OK  [0m] Created slice System Slice.
[   33.649760] systemd[1]: Reached target Slices.
[[0;32m  OK  [0m] Reached target Slices.
[[0;32m  OK  [0m] Listening on /dev/initctl Compatibility Named Pipe.
[[0;32m  OK  [0m] Listening on Journal Socket.
[   33.654463] random: crng init done
[   33.654845] random: 7 urandom warning(s) missed due to ratelimiting
         Starting Load Kernel Modules...
[[0;32m  OK  [0[   33.676811] Loading iSCSI transport class v2.0-870.
m] Listening on [   33.842920] iscsi: registered transport (tcp)
udev Kernel Sock[   33.991773] iscsi: registered transport (iser)
et.
         Mounting Huge Pages File System...
[[0;32m  OK  [0m] Started Forward Password Requests to Wall Directory Watch.
[[0;32m  OK  [0m] Listening on Journal Socket (/dev/log).
[[0;32m  OK  [0m] Listening on Syslog Socket.
[[0;32m  OK  [0m] Reached target Swap.
[[0;32m  OK  [0m] Listening on LVM2 metadata daemon socket.
[[0;32m  OK  [0m] Listening on udev Control Socket.
[[0;32m  OK  [0m] Listening on Journal Audit Socket.
         Starting Uncomplicated firewall...
[[0;32m  OK  [0m] Listening on Network Service Netlink Socket.
[[0;32m  OK  [0m] Reached target User and Group Name Lookups.
         Starting Create list of required st…ce nodes for the current kernel...
         Mounting Kernel Debug File System...
[   35.257731] systemd[1]: Starting Remount Root and Kernel File Systems...
[   35.268848] EXT4-fs (sda1): re-mounted. Opts: (null)
         Starting Remount Root and Kernel File Systems...
[   35.368669] systemd[1]: Listening on Device-mapper event daemon FIFOs.
[[0;32m  OK  [0m] Listening on Device-mapper event daemon FIFOs.
[   35.370523] systemd[1]: Starting Monitoring of LVM2 mirrors, snapshots etc. using dmeventd or progress polling...
         Starting Monitoring of LVM2 mirrors…ng dmeventd or progress polling...
[   35.372217] systemd[1]: Reached target System Time Synchronized.
[[0;32m  OK  [0m] Reached target System Time Synchronized.
[   35.636841] systemd[1]: Created slice system-serial\x2dgetty.slice.
[[0;32m  OK  [0m] Created slice system-serial\x2dgetty.slice.
[   36.177770] systemd[1]: Starting Set the console keyboard layout...
         Starting Set the console keyboard layout...
[   36.580717] systemd[1]: Mounting POSIX Message Queue File System...
         Mounting POSIX Message Queue File System...
[   36.835276] systemd[1]: Starting Journal Service...
         Starting Journal Service...
[   36.836318] systemd[1]: Listening on LVM2 poll daemon socket.
[[0;32m  OK  [0m] Listening on LVM2 poll daemon socket.
[   36.838160] systemd[1]: Starting udev Coldplug all Devices...
         Starting udev Coldplug all Devices...
[[0;32m  OK  [0m] Started Journal Service.
[[0;32m  OK  [0m] Started Load Kernel Modules.
[[0;32m  OK  [0m] Mounted Huge Pages File System.
[[0;32m  OK  [0m] Started Uncomplicated firewall.
[[0;32m  OK  [0m] Started Create list of required sta…vice nodes for the current kernel.
[[0;32m  OK  [0m] Mounted Kernel Debug File System.
[[0;32m  OK  [0m] Started Remount Root and Kernel File Systems.
[[0;32m  OK  [0m] Started Set the console keyboard layout.
[[0;32m  OK  [0m] Mounted POSIX Message Queue File System.
[[0;32m  OK  [0m] Started LVM2 metadata daemon.
         Starting Initial cloud-init job (pre-networking)...
         Starting Load/Save Random Seed...
         Starting Create Static Device Nodes in /dev...
         Mounting Kernel Configuration File System...
         Mounting FUSE Control File System...
         Starting Apply Kernel Variables...
         Starting Flush Journal to Persistent Storage...
[[0;32m  OK  [0m] Started Monitoring of LVM2 mirrors,…sing dmeventd or progress polling.
[[0;32m  OK  [0m] Started udev Coldplug all Devices.
[[0;32m  OK  [0m] Started Load/Save Random Seed.
[[0;32m  OK  [0m] Started Create Static Device Nodes in /dev.
[[0;32m  OK  [0m] Mounted Kernel Configuration File System.
[[0;32m  OK  [0m] Mounted FUSE Control File System.
[[0;32m  OK  [0m] Started Apply Kernel Variables.
         Starting udev Kernel Device Manager...
[[0;32m  OK  [0m] Reached target Local File Systems (Pre).
[[0;32m  OK  [0m] Reached target Local File Systems.
         Starting ebtables ruleset management...
         Starting Commit a transient machine-id on disk...
         Starting Set console font and keymap...
         Starting Tell Plymouth To Write Out Runtime Data...
         Starting AppArmor initialization...
[[0;32m  OK  [0m] Started udev Kernel Device Manager.
[[0;32m  OK  [0m] Started Commit a transient machine-id on disk.
[[0;32m  OK  [0m] Started Set console font and keymap.
[[0;32m  OK  [0m] Started Tell Plymouth To Write Out Runtime Data.
[[0;32m  OK  [0m] Found device /dev/ttyS0.
[[0;32m  OK  [0m] Started Flush Journal to Persistent Storage.
[[0;32m  OK  [0m] Started ebtables ruleset management.
[   38.823186] cloud-init[419]: Cloud-init v. 18.4-0ubuntu1~18.04.1 running 'init-local' at Wed, 28 Nov 2018 04:15:00 +0000. Up 38.37 seconds.
[[0;32m  OK  [0m] Listening on Load/Save RF Kill Switch Status /dev/rfkill Watch.
         Starting Create Volatile Files and Directories...
[[0;32m  OK  [0m] Started Dispatch Password Requests to Console Directory Watch.
[[0;32m  OK  [0m] Reached target Local Encrypted Volumes.
[[0;32m  OK  [0m] Started AppArmor initialization.
[[0;32m  OK  [0m] Started Create Volatile Files and Directories.
[[0;32m  OK  [0m] Started Initial cloud-init job (pre-networking).
[[0;32m  OK  [0m] Reached target Network (Pre).
         Startiig Network Service...
         Starting Update UTMP about System Boot/Shutdown...
[[0;32m  OK  [0m] Started Network Service.
         Starting Network Name Resolution...
         Starting Wait for Network to be Configured...
[[0;32m  OK  [0m] Started Update UTMP about System Boot/Shutdown.
[[0;32m  OK  [0m] Started Network Name Resolution.
[[0;32m  OK  [0m] Reacheddtarget Host and Network Name Lookups.
[[0;32m  OK  [0m] Reached target Network.
[[0;32m  OK  [0m] Started Wait for Network to be Configured.
         Starting Initial cloud-init job (metadata service crawler)...
[   41.492933] cloud-init[703]: Cloud-init v. 18.4-0ubuntu1~18.04.1 running 'init' at Wed, 28 Nov 2018 04:15:03 +0000. Up 41.39 seconds.
[   41.576341] cloud-init[703]: ci-info: ++++++++++++++++++++++++++++++++++++++Net device info+++++++++++++++++++++++++++++++++++++++
[   41.656654] cloud-init[703]: ci-info: +--------+-------+----------------------------+---------------+--------+-------------------+
[   41.752247] cloud-init[703]: ci-info: | Device |   Up  |          Address           |      Mask     | Scope  |     Hw-Address    |
[   41.824825] cloud-init[703]: ci-info: +--------+-------+----------------------------+---------------+--------+-------------------+
[   41.912241] cloud-init[703]: ci-info: | enp0s3 |  True |         10.0.2.15          | 255.255.255.0 | global | 02:ad:f7:32:92:86 |
[   41.940205] cloud-init[703]: ci-info: | enp0s3 |  True | fe80::ad:f7ff:fe32:9286/64 |       .       |  link  | 02:ad:f7:32:92:86 |
[   42.024856] cloud-init[703]: ci-info: | enp0s8 | False |             .              |       .       |   .    | 08:00:27:fd:8b:98 |
[   42.101045] cloud-init[703]: ci-info: |   lo   |  True |         127.0.0.1          |   255.0.0.0   |  host  |         .         |
[   42.223396] cloud-init[703]: ci-info: |   lo   |  True |          ::1/128           |       .       |  host  |         .         |
[[0;32m  OK  [0m] Started Initial cloud-init job (metadata service crawler).
[[0;32m  OK  [0m] Reached target System Initialization.
[   42.343180] cloud-init[703]: ci-info: +--------+-------+----------------------------+---------------+--------+-------------------+
         Starting LXD - unix socket.
         Starting Socket activation for snappy daemon.
[[0;32m  OK  [0m] Listening on D-Bus System Message Bus Socket.
[[0;32m  OK  [0m] Listening on Open-iSCSI iscsid Socket.
[[0;32m  OK  [0m] Started Daily apt download activities.
[[0;32m  OK  [0m] Started Daily apt upgrade and clean activities.
[[0;32m  OK  [0m] Started Daily Cleanup of Temporary Directories.
[[0;32m  OK  [0m] Listening on ACPID Listen Socket.
[   42.511189] cloud-init[703]: ci-info: ++++++++++++++++++++++++++++Route IPv4 info+++++++++++++++++++++++++++++
[   42.892613] cloud-init[703]: ci-info: +-------+-------------+----------+-----------------+-----------+-------+
[[0;32m  OK  [0m] Started ACPI Events Check.
[[0;32m  OK  [0m] Reached target Paths.
[[0;32m  OK  [0m] Listening on UUID daemon activation socket.
[[0;32m  OK  [0m] Started Discard unused blocks once a week.
[[0;32m  OK  [0m] Started Message of the Day.
[[0;32m  OK  [0m] Reached target Timers.
[[0;32m  OK  [0m] Reached target Cloud-config availability.
[[0;32m  OK  [0m] Reached target Network is Online.
[   42.958299] cloud-init[703]: ci-info: | Route | Destination | Gateway  |     Genmask     | Interface | Flags |
         Starting Availability of block devices...
[[0;32m  OK  [0m] Reached target Remote File Systems (Pre).
[[0;32m  OK  [0m] Reached target Remote File Systems.
[[0;32m  OK  [0m] Listening on LXD - unix socket.
[[0;32m  OK  [0m] Listening on Socket activation for snappy daemon.
[   43.097836] cloud-init[703]: ci-info: +-------+-------------+----------+-----------------+-----------+-------+
[   43.153349] cloud-init[703]: ci-info: |   0   |   0.0.0.0   | 10.0.2.2 |     0.0.0.0     |   enp0s3  |   UG  |
[[0;32m  OK  [0m] Started Availability of block devices.
[[0;32m  OK  [0m] Reached target Sockets.
[[0;32m  OK  [0m] Reached target Basic System.
[   43.223896] cloud-init[703]: ci-info: |   1   |   10.0.2.0  | 0.0.0.0  |  255.255.255.0  |   enp0s3  |   U   |
         Starting Dispatcher daemon for systemd-networkd...
[   43.346319] cloud-init[703]: ci-info: |   2   |   10.0.2.2  | 0.0.0.0  | 255.255.255.255 |   enp0s3  |   UH  |
         Starting Pollinate to seed the pseudo random number generator...
[   43.402331] cloud-init[703]: ci-info: +-------+-------------+----------+-----------------+-----------+-------+
[[0;32m  OK  [0m] Started irqbalance daemon.
[   43.476218] cloud-init[703]: ci-info: +++++++++++++++++++Route IPv6 info+++++++++++++++++++
[[0;32m  OK  [0m] Started D-Bus System Message Bus.
[   43.523704] cloud-init[703]: ci-info: +-------+-------------+---------+-----------+-------+
[[0;32m  OK  [0m] Started Deferred execution scheduler.
[   43.549738] cloud-init[703]: ci-info: | Route | Destination | Gateway | Interface | Flags |
         Starting Accounts Service...
[   43.552178] cloud-init[703]: ci-info: +-------+-------------+---------+-----------+-------+         Starting LSB: automatic crash report generation...
         Starting Login Service...

         Starting System Logging Service...
         Starting Virtualbox guest utils...
[   43.624610] [cloud-init[0;32m  OK  [0m[703]: ] ci-info: |   1   |  fe80::/64  |    ::   |   enp0s3  |   U   |Started Unattended Upgrades Shutdown.

[[0;32m  OK  [0m] Started FUSE filesystem for LXC.
[   43.685145] cloud-init[703]: ci-info: |   3   |    local    |    ::   |   enp0s3  |   U   |         Starting LSB: Record successful boot for GRUB...

[[0;32m  OK  [0m] Started Regular background program processing daemon.
[   43.698877] cloud-init[703]: ci-info: |   4   |   ff00::/8  |    ::   |   enp0s3  |   U   |
         Starting Permit User Sessions...
[   43.771773] cloud-init[703]: ci-info: +-------+-------------+---------+-----------+-------+
         Starting Snappy daemon...
         Starting LXD - container startup/shutdown...
[   43.796475] cloud-init[703]: Generating public/private rsa key pair.
[[   43.912160] cloud-init[703]: Your identification has been saved in /etc/ssh/ssh_host_rsa_key.
[   43.912251] [0;32m  OK  [0m] Started Dispatcher daemon for systemd-networkd.
cloud-init[703]: Your public key has been saved in /etc/ssh/ssh_host_rsa_key.pub.
[[   43.954310] cloud-init[703]: The key fingerprint is:
[   43.954370] cloud-init[703]: SHA256:ZHnomlkTcrIrhzxjBaWHAJ49qzDcIKWZpq9Yp3J/GoA root@ubuntu-bionic
[   43.954529] cloud-init[703]: The key's randomart image is:
[   43.954687] cloud-init[703]: +---[RSA 2048]----+
[   43.954851] cloud-init[703]: |..o   .          |
[   43.955015] cloud-init[703]: |.=o. +   o       |
[   43.955182] cloud-init[703]: |== o+ + B .      |
[   43.955344] cloud-init[703]: |=.o oo O o       |
[   43.955506] cloud-init[703]: |E..o  o S        |
[0;32m  OK  [0m] Started System Logging Service.
[   43.955594] cloud-init[703]: |.o.o o * .       |
[   43.958800] cloud-init[703]: | .o X *          |
[   43.959199] cloud-init[703]: |oo.+ *.          |
[   43.959575] cloud-init[703]: |oo..oo           |
[   43.959932] cloud-init[703]: +----[SHA256]-----+
[   43.960285] cloud-init[703]: Generating public/private dsa key pair.
[   43.960839] cloud-init[703]: Your identification has been saved in /etc/ssh/ssh_host_dsa_key.
[   43.961435] cloud-init[703]: Your public key has been saved in /etc/ssh/ssh_host_dsa_key.pub.
[   43.962039] cloud-init[703]: The key fingerprint is:
[[   43.962413] cloud-init[703]: SHA256:Wfd8d3LdTp/VAxw17fkvx9WviC1uKCx3QOTFP40Q5xY root@ubuntu-bionic
[   43.962533] cloud-init[703]: The key's randomart image is:
[   43.962612] cloud-init[703]: +---[DSA 1024]----+
[   43.962640] cloud-init[703]: |       ...E  ..o.|
[0;32m  OK  [0m] Started Permit User Sessions.
[   43.962667] cloud-init[703]: |      . +o .. . o|
[[   44.011192] cloud-init[703]: |     o . o+o.o ..|
[   44.011275] cloud-init[703]: |      o  ++..o..=|
[   44.011420] cloud-init[703]: |     .  S  .  +.&|
[   44.011583] cloud-init[703]: |      .        *@|
[   44.011748] cloud-init[703]: |     . . .     o*|
[   44.011917] cloud-init[703]: |    . + o oo .. =|
[   44.012251] cloud-init[703]: |     o o oo.o .+ |
[   44.012414] cloud-init[703]: +----[SHA256]-----+
[   44.012499] cloud-init[703]: Generating public/private ecdsa key pair.
[   44.012529] cloud-init[703]: Your identification has been saved in /etc/ssh/ssh_host_ecdsa_key.
[   44.012556] cloud-init[703]: Your public key has been saved in /etc/ssh/ssh_host_ecdsa_key.pub.
[   44.012648] cloud-init[703]: The key fingerprint is:
[0;32m  OK  [0m] Started LXD - container startup/shutdown.
[   44.012673] cloud-init[703]: SHA256:qkO8lkBpWeH1TTyPeqJSzrHAUctX9GzRJlXbIx/G3/A root@ubuntu-bionic
[[   44.101766] cloud-init[703]: The key's randomart image is:
[   44.101827] cloud-init[703]: +---[ECDSA 256]---+
[0;32m  OK  [0m] Started Snappy daemon.
[   44.101902] cloud-init[703]: |    ...  oo .o...|
[   44.182712] cloud-init[703]: |   ..... o+o..+ o|
[   44.196199] cloud-init[703]: |   +.o ....+++.*.|
[[0;32m  OK  [0m] Started Login Service.
[   44.244600] cloud-init[703]: |  = . o . ... +o=|
[[0;32m  OK  [0m] Started Pollinate to seed the pseudo random number generator.
[   44.296594] cloud-init[703]: | o o . .S.     .E|
[[0;32m  OK  [0m[   44.356130] cloud-init[703]: |  . = o.o .      |
[   44.356307] cloud-init[703]: |   o B.+ o       |
[   44.356465] cloud-init[703]: |    *.=          |
[   44.356620] cloud-init[703]: |   ..o           |
[   44.356779] cloud-init[703]: +----[SHA256]-----+
[   44.356937] cloud-init[703]: Generating public/private ed25519 key pair.
[   44.357097] cloud-init[703]: Your identification has been saved in /etc/ssh/ssh_host_ed25519_key.
[   44.357260] cloud-init[703]: Your public key has been saved in /etc/ssh/ssh_host_ed25519_key.pub.
[   44.357419] cloud-init[703]: The key fingerprint is:
[   44.357904] cloud-init[703]: SHA256:SEGvZZ3Dxn2zNs3J2XRgrSvgJewjcrL2I8IuJ8Dd+Rw root@ubuntu-bionic
[   44.358059] cloud-init[703]: The key's randomart image is:
[   44.358213] cloud-init[703]: +--[ED25519 256]--+
[   44.358372] cloud-init[703]: |     .o       o. |
[   44.358534] cloud-init[703]: |       o + o . ..|
[   44.358691] cloud-init[703]: |      . +.B . o.o|
[   44.358853] cloud-init[703]: |     . = .+...o*=|
[   44.359011] cloud-init[703]: |. . . + So +  +=+|
[   44.359171] cloud-init[703]: |.. . ooEo + .... |
[   44.359328] cloud-init[703]: | . .  o=.. . .   |
[   44.359491] cloud-init[703]: |  o + +o.        |
[   44.359649] cloud-init[703]: |   =.o o..       |
[   44.359807] cloud-init[703]: +----[SHA256]-----+
] Started LSB: automatic crash report generation.
[[0;32m  OK  [0m] Started Virtualbox guest utils.
[[0;32m  OK  [0m] Started LSB: Record successful boot for GRUB.
         Starting OpenBSD Secure Shell server...
         Starting Authorization Manager...
         Starting Wait until snapd is fully seeded...
         Starting Hold until boot process finishes up...
         Starting Terminate Plymouth Boot Screen...
[[0;32m  OK  [0m] Started Hold until boot process finishes up.
[[0;32m  OK  [0m] Started OpenBSD Secure Shell server.
[[0;32m  OK  [0m] Started Terminate Plymouth Boot Screen.
[[0;32m  OK  [0m] Started Authorization Manager.
[[0;32m  OK  [0m] Started Accounts Service.
[[0;32m  OK  [0m] Started Serial Getty on ttyS0.
         Starting Set console scheme...
[[0;32m  OK  [0m] Started Set console scheme.
[[0;32m  OK  [0m] Created slice User Slice of vagrant.
[[0;32m   K  [0m] Created slice system-getty.slice.
[[0;32m  OK  [0m] Started Getty on tty1.
[[0;32m  OK  [0m] Reached target Login Prompts.
         Starting User Manager for UID 1000...
[[0;32m  OK  [0m] Started Session 1 of user vagrant.
[[0;32m  OK  [0m] Started User Manager for UID 1000.
[[0;32m  OK  [0m] Started Wait until snapd is fully seeded.
[[0;32m  OK  [0m] Reached target Multi-User System.
[[0;32m  OK  [0m] Reached target Graphical Interface.
         Starting Update UTMP about System Runlevel Changes...
         Starting Apply the settings specified in cloud-config...
[[0;32m  OK  [0m] Started Update UTMP about System Runlevel Changes.
[   49.115899] cloud-init[1560]: Cloud-init v. 18.4-0ubuntu1~18.04.1 running 'modules:config' at Wed, 28 Nov 2018 04:15:10 +0000. Up 48.85 seconds.
[[0;32m  OK  [0m] Started Apply the settings specified in cloud-config.
         Starting Execute cloud user/final scripts...
ci-info: no authorized ssh keys fingerprints found for user ubuntu.
<14>Nov 28 04:15:11 ec2: 
<14>Nov 28 04:15:11 ec2: #############################################################
<14>Nov 28 04:15:11 ec2: -----BEGIN SSH HOST KEY FINGERPRINTS-----
<14>Nov 28 04:15:11 ec2: 1024 SHA256:Wfd8d3LdTp/VAxw17fkvx9WviC1uKCx3QOTFP40Q5xY root@ubuntu-bionic (DSA)
<14>Nov 28 04:15:11 ec2: 256 SHA256:qkO8lkBpWeH1TTyPeqJSzrHAUctX9GzRJlXbIx/G3/A root@ubuntu-bionic (ECDSA)
<14>Nov 28 04:15:11 ec2: 256 SHA256:SEGvZZ3Dxn2zNs3J2XRgrSvgJewjcrL2I8IuJ8Dd+Rw root@ubuntu-bionic (ED25519)
<14>Nov 28 04:15:11 ec2: 2048 SHA256:ZHnomlkTcrIrhzxjBaWHAJ49qzDcIKWZpq9Yp3J/GoA root@ubuntu-bionic (RSA)
<14>Nov 28 04:15:11 ec2: -----END SSH HOST KEY FINGERPRINTS-----
<14>Nov 28 04:15:11 ec2: #############################################################
-----BEGIN SSH HOST KEY KEYS-----
ecdsa-sha2-nistp256 AAAAE2VjZHNhLXNoYTItbmlzdHAyNTYAAAAIbmlzdHAyNTYAAABBBBYsEqftuXDAKt36N1FvkS7FyMP8xQhlpMulrZ9zbYEGiGgYZfqdm0P0TVk17s/sbK8t53rgHn52x0UfykCspKk= root@ubuntu-bionic
ssh-ed25519 AAAAC3NzaC1lZDI1NTE5AAAAIPkin3Cxwy+ybI0n/brxxs8NwEdaIj7xHZcqVv7wFUam root@ubuntu-bionic
ssh-rsa AAAAB3NzaC1yc2EAAAADAQABAAABAQDjEA1tR9gHab7iFr42TEw5/LmMBE2+oasr22j59cTKe7Mx0Urkg8SRSYzho7juWIolGMFer+DvENJoHXr+nyehIeX9HnjyJ0+tnJ8afBrQKYxyClxx7cSL1IChnQ1qsapIbxSHDO3A8SqkksihGIDZJiqLD2/1dEjh1y6GX/fJh18i8twT/dT8LyhVDAO+U0Zg8GPI0b2QSLRjHv/UsSLHu8xllb2x/9BZq52Ywmg56Q319V/rZmohrlN726VEOM6IdPfMpue+1ZtfG8KcO4E4nt+7auuV2Wo3hFd3MZ5fKuPEhVnvntFt8oEGcGejjSGOa/+NUAR89/6SvWbG0fy7 root@ubuntu-bionic
-----END SSH HOST KEY KEYS-----
[   49.904758] cloud-init[1635]: Cloud-init v. 18.4-0ubuntu1~18.04.1 running 'modules:final' at Wed, 28 Nov 2018 04:15:11 +0000. Up 49.53 seconds.
[   49.904992] cloud-init[1635]: ci-info: no authorized ssh keys fingerprints found for user ubuntu.
[   49.905041] cloud-init[1635]: Cloud-init v. 18.4-0ubuntu1~18.04.1 finished at Wed, 28 Nov 2018 04:15:11 +0000. Datasource DataSourceNoCloud [seed=/dev/sdb][dsmode=net].  Up 49.88 seconds

Ubuntu 18.04.1 LTS ubuntu-bionic ttyS0

ubuntu-bionic login: 