[    0.000000] Linux version 4.15.0-39-generic (buildd@lgw01-amd64-054) (gcc version 7.3.0 (Ubuntu 7.3.0-16ubuntu3)) #42-Ubuntu SMP Tue Oct 23 15:48:01 UTC 2018 (Ubuntu 4.15.0-39.42-generic 4.15.18)
[    0.000000] Command line: BOOT_IMAGE=/boot/vmlinuz-4.15.0-39-generic root=LABEL=cloudimg-rootfs ro console=tty1 console=ttyS0
[    0.000000] KERNEL supported cpus:
[    0.000000]   Intel GenuineIntel
[    0.000000]   AMD AuthenticAMD
[    0.000000]   Centaur CentaurHauls
[    0.000000] x86/fpu: Supporting XSAVE feature 0x001: 'x87 floating point registers'
[    0.000000] x86/fpu: Supporting XSAVE feature 0x002: 'SSE registers'
[    0.000000] x86/fpu: Supporting XSAVE feature 0x004: 'AVX registers'
[    0.000000] x86/fpu: xstate_offset[2]:  576, xstate_sizes[2]:  256
[    0.000000] x86/fpu: Enabled xstate features 0x7, context size is 832 bytes, using 'standard' format.
[    0.000000] e820: BIOS-provided physical RAM map:
[    0.000000] BIOS-e820: [mem 0x0000000000000000-0x000000000009fbff] usable
[    0.000000] BIOS-e820: [mem 0x000000000009fc00-0x000000000009ffff] reserved
[    0.000000] BIOS-e820: [mem 0x00000000000f0000-0x00000000000fffff] reserved
[    0.000000] BIOS-e820: [mem 0x0000000000100000-0x000000007ffeffff] usable
[    0.000000] BIOS-e820: [mem 0x000000007fff0000-0x000000007fffffff] ACPI data
[    0.000000] BIOS-e820: [mem 0x00000000fec00000-0x00000000fec00fff] reserved
[    0.000000] BIOS-e820: [mem 0x00000000fee00000-0x00000000fee00fff] reserved
[    0.000000] BIOS-e820: [mem 0x00000000fffc0000-0x00000000ffffffff] reserved
[    0.000000] NX (Execute Disable) protection: active
[    0.000000] SMBIOS 2.5 present.
[    0.000000] DMI: innotek GmbH VirtualBox/VirtualBox, BIOS VirtualBox 12/01/2006
[    0.000000] Hypervisor detected: KVM
[    0.000000] e820: last_pfn = 0x7fff0 max_arch_pfn = 0x400000000
[    0.000000] MTRR: Disabled
[    0.000000] x86/PAT: MTRRs disabled, skipping PAT initialization too.
[    0.000000] CPU MTRRs all blank - virtualized system.
[    0.000000] x86/PAT: Configuration [0-7]: WB  WT  UC- UC  WB  WT  UC- UC  
[    0.000000] found SMP MP-table at [mem 0x0009fff0-0x0009ffff] mapped at [        (ptrval)]
[    0.000000] Scanning 1 areas for low memory corruption
[    0.000000] RAMDISK: [mem 0x35adf000-0x36d66fff]
[    0.000000] ACPI: Early table checksum verification disabled
[    0.000000] ACPI: RSDP 0x00000000000E0000 000024 (v02 VBOX  )
[    0.000000] ACPI: XSDT 0x000000007FFF0030 00003C (v01 VBOX   VBOXXSDT 00000001 ASL  00000061)
[    0.000000] ACPI: FACP 0x000000007FFF00F0 0000F4 (v04 VBOX   VBOXFACP 00000001 ASL  00000061)
[    0.000000] ACPI: DSDT 0x000000007FFF0470 0021FF (v02 VBOX   VBOXBIOS 00000002 INTL 201105)
[    0.00000 ACPI:ACS 0x000000007FFF0200 000040
[  0.000000] ACPI: FACS 0x000000007FFF0200 000040
[    0.000000] ACPI: APIC 0x000000007FFF0240 00005C (v02 VOX  VBOXPI 00000001 ASL 000061)
[    0.000000] AC: SSDT 0x000000007FFF02A0 0001 (v01 OX   VBOXCPUT 00000002 INTL 20180105)
[   .000000] No NUMA configuration found
[    0.000000] Faking a node at [mem 0x0000000000000000-0x000000007ffeffff]
[    0.000000] NODE_DATA(0) allocated [mem 0x7ffc5000-0x7ffeffff]
[    0.000000] kvm-clock: cpu 0, msr 0:7ff44001, primary cpu clock
[    0.000000] kvm-clock: Using ms 4b56d0 and4b564d00
[    0.000000] kvm-clock: using sched offset of 3206731444 cycles
[    0.000000] clocksource: kvm-clock: mask: 0xffffffffffffffff max_cycles: 0x1cd42e4dffb, max_idle_ns: 881590591483 ns
[    0.000000] Zone ranges:
[    0.000000]   DMA      [mem 0x0000000000001000-0x0000000000ffffff]
[    0.000000]   DMA32    [mem 0x0000000001000000-0x000000007ffeffff]
[    0.000000]   Normal   empty
[    0.000000]   Device   empty
[    0.000000] Movable zone start for each node
[    0.000000] Early memory node ranges
[    0.000000]   node   0: [mem 0x0000000000001000-0x000000000009efff]
[    0.000000]   node   0: [mem 0x0000000000100000-0x000000007ffeffff]
[    0.000000] Initmem setup node 0 [mem 0x0000000000001000-0x000000007ffeffff]
[    0.000000] Reserved but unavailable: 98 pages
[    0.000000] ACPI: PM-Timer IO Port: 0x4008
[    0.000000] IOAPIC[0]: apic_id 2, version 32, address 0xfec00000, GSI 0-23
[    0.000000] ACPI: INT_SRC_OVR (bus 0 bus_irq 0 global_irq 2 dfl dfl)
[    0.000000] ACPI: INT_SRC_OVR (bus 0 bus_irq 9 global_irq 9 low level)
[    0.000000] Using ACPI (MADT) for SMP configuration information
[    0.000000] smpboot: Allowing 2 CPUs, 0 hotplug CPUs
[    0.000000] PM: Registered nosave memory: [mem 0x00000000-0x00000fff]
[    0.000000] PM: Registered nosave memory: [mem 0x0009f000-0x0009ffff]
[    0.000000] PM: Registered nosave memory: [mem 0x000a0000-0x000effff]
[    0.00000] P Regisred noav memor [mem 0x000f0000-0x000fffff]
[    0.000000] e820: [mem 0x80000000-0xfebfffff] available for PCI devices
[    0.000000] Booting paravirtualized kernel on KVM
[    0.000000] clocksource: refined-jiffies: mask: 0xffffffff max_cycles: 0xffffffff, max_idle_ns: 7645519600211568 ns
[    0.000000] random: get_random_bytes called from start_kernel+0x99/0x4fd with crng_init=0
[    0.000000] setup_percpu: NR_CPUS:8192 nr_cpumask_bits:2 nr_cpu_ids:2 nr_node_ids:1
[    0.000000] percpu: Embedded 46 pages/cpu @        (ptrval) s151552 r8192 d28672 u1048576
[    0.000000] PV qspinlock hash table entries: 256 (order: 0, 4096 bytes)
[    0.000000] Built 1 zonelists, mobility grouping on.  Total pages: 515961
[    0.000000] Policy zone: DMA32
[    0.000000] Kernel command line: BOOT_IMAGE=/boot/vmliuz-4.15.0-39-generic root=LABEL=cloudimg-rootfs ro console=tty1 console=ttyS0
[    0.0000] Memory: 2015800K/2096696K available (12300Kernel code, 2472K rwdata, 4248K rodata, 2408K init, 2416K bss, 80896K resved,K cma-reserved)
[    0.000000] SLUB: HWalign=64, Order=0-3, MinObjects=0, CPUs=2, Nodes=1
[    0.000000] Kernel/User page tables isolation: enabled
[    0.000000] ftrace: allocating 39178 entries in 154 pages
[    0.004000] Hierarchical RCU implementation.
[    0.004000] 	RCU restricting CPUs from NR_CPUS=8192 to nr_cpu_ids=2.
[    0.004000] 	Tasks RCU enabled.
[    0.004000] RCU: Adjusting geometry for rcu_fanout_leaf=16, nr_cpu_ids=2
[    0.004000] NR_IRQS: 524544, nr_irqs: 440, preallocated irqs: 16
[    0.004000] Console: colour VGA+ 80x25
[    0.004000] console [tty1] enabled
[    0.004000] console [ttyS0] enabled
[    0.004000] ACPI: Core revision 20170831
[    0.004000] ACPI: 2 ACPI AML tables successfully acquired and loaded
[    0.004000] APIC: Switch to symmetric I/O mode setup
[    0.004000] x2apic enabled
[    0.004000] Switched APIC routing to physical x2apic.
[    0.004000] ..TIMER: vector=0x30 apic1=0 pin1=2 apic2=-1 pin2=-1
[    0.004000] tsc: Detected 3503.996 MHz processor
[    0.004000] Calibrating delay loop (skipped) preset value.. 7007.99 BogoMIPS (lpj=14015984)
[    0.004003] pid_max: default: 32768 minimum: 301
[    0.004518] Security Framework initialized
[    0.004964] Yama: becoming mindful.
[    0.005368] AppArmor: AppArmor initialized
[    0.006271] Dentry cache hash table entries: 262144 (order: 9, 2097152 bytes)
[    0.007344] Inode-cache hash table entries: 131072 (order: 8, 1048576 bytes)
[    0.008011] Mount-cache hash table entries: 4096 (order: 3, 32768 bytes)
[    0.008694] Mountpoint-cache hash table entries: 4096 (order: 3, 32768 bytes)
[    0.009579] mce: CPU supports 0 MCE banks
[    0.012018] Last level iTLB entries: 4KB 128, 2MB 8, 4MB 8
[    0.016001] Last level dTLB entries: 4KB 64, 2MB 0, 4MB 0, 1GB 4
[    0.016621] Spectre V2 : Mitigation: Full generic retpoline
[    0.017459] Spectre V2 : Spectre v2 / SpectreRSB mitigation: Filling RSB on context switch
[    0.018550] Speculative Store Bypass: Vulnerable
[    0.020076] Freeing SMP alternatives memory: 36K
[    0.028000] APIC calibration not consistent with PM-Timer: 105ms instead of 100ms
[    0.028000] APIC delta adjusted to PM-Timer: 6223741 (6595423)
[    0.028044] smpboot: CPU0: Intel(R) Core(TM) i5-6600K CPU @ 3.50GHz (family: 0x6, model: 0x5e, stepping: 0x3)
[    0.029119] Performance Events: unsupported p6 CPU model 94 no PMU driver, software events only.
[    0.030066] Hierarchical SRCU implementation.
[    0.030990] NMI watchdog: Perf event create on CPU 0 failed with -2
[    0.031673] NMI watchdog: Perf NMI watchdog permanently disabled
[    0.032062] smp: Bringing up secondary CPUs ...
[    0.032665] x86: Booting SMP configuration:
[    0.036005] .... node  #0, CPUs:      #1
[    0.004000] kvm-clock: cpu 1, msr 0:7ff44041, secondary cpu clock
[    0.004000] mce: CPU supports 0 MCE banks
[    0.154044] smp: Brought up 1 node, 2 CPUs
[    0.156007] smpboot: Max logical packages: 1
[    0.156489] smpboot: Total of 2 processors activated (14015.98 BogoMIPS)
[    0.160157] devtmpfs: initialized
[    0.160438] x86/mm: Memory block size: 128MB
[    0.161066] evm: security.selinux
[    0.164010] evm: security.SMACK64
[    0.164393] evm: security.SMACK64EXEC
[    0.164803] evm: security.SMACK64TRANSMUTE
[    0.165251] evm: security.SMACK64MMAP
[    0.165739] evm: security.apparmor
[    0.168002] evm: security.ima
[    0.168350] evm: security.capability
[    0.168793] clocksource: jiffies: mask: 0xffffffff max_cycles: 0xffffffff, max_idle_ns: 7645041785100000 ns
[    0.169022] futex hash table entries: 512 (order: 3, 32768 bytes)
[    0.169692] pinctrl core: initialized pinctrl subsystem
[    0.170317] RTC time:  7:34:19, date: 12/01/18
[    0.172034] NET: Registered protocol family 16
[    0.176075] audit: initializing netlink subsys (disabled)
[    0.180048] audit: type=2000 audit(1543649662.288:1): state=initialized audit_enabled=0 res=1
[    0.204009] cpuidle: using governor ladder
[    0.208007] cpuidle: using governor menu
[    0.208489] ACPI: bus type PCI registered
[    0.208936] acpiphp: ACPI Hot Plug PCI Controller Driver version: 0.5
[    0.209667] PCI: Using configuration type 1 for base access
[    0.216038] HugeTLB registered 2.00 MiB page size, pre-allocated 0 pages
[    0.220076] ACPI: Added _OSI(Module Device)
[    0.224012] ACPI: Added _OSI(Processor Device)
[    0.224565] ACPI: Added _OSI(3.0 _SCP Extensions)
[    0.228003] ACPI: Added _OSI(Processor Aggregator Device)
[    0.232028] ACPI: Added _OSI(Linux-Dell-Video)
[    0.236006] ACPI: Added _OSI(Linux-Lenovo-NV-HDMI-Audio)
[    0.240209] ACPI: Executed 1 blocks of module-level executable AML code
[    0.243353] ACPI: Interpreter enabled
[    0.244010] ACPI: (supports S0 S5)
[    0.244398] ACPI: Using IOAPIC for interrupt routing
[    0.245099] PCI: Using host bridge windows from ACPI; if necessary, use "pci=nocrs" and report a bug
[    0.246218] ACPI: Enabled 2 GPEs in block 00 to 07
[    0.250951] ACPI: PCI Root Bridge [PCI0] (domain 0000 [bus 00-ff])
[    0.252017] acpi PNP0A03:00: _OSC: OS supports [ASPM ClockPM Segments MSI]
[    0.256043] acpi PNP0A03:00: _OSC: not requesting OS control; OS requires [ExtendedConfig ASPM ClockPM MSI]
[    0.260023] acpi PNP0A03:00: fail to add MMCONFIG information, can't access extended PCI configuration space under this bridge.
[    0.264270] PCI host bridge to bus 0000:00
[    0.264732] pci_bus 0000:00: root bus resource [io  0x0000-0x0cf7 window]
[    0.265434] pci_bus 0000:00: root bus resource [io  0x0d00-0xffff window]
[    0.266135] pci_bus 0000:00: root bus resource [mem 0x000a0000-0x000bffff window]
[    0.266927] pci_bus 0000:00: root bus resource [mem 0x80000000-0xfdffffff window]
[    0.268002] pci_bus 0000:00: root bus resource [bus 00-ff]
[    0.269757] pci 0000:00:01.1: legacy IDE quirk: reg 0x10: [io  0x01f0-0x01f7]
[    0.270492] pci 0000:00:01.1: legacy IDE quirk: reg 0x14: [io  0x03f6]
[    0.271642] pci 0000:00:01.1: legacy IDE quirk: reg 0x18: [io  0x0170-0x0177]
[    0.272002] pci 0000:00:01.1: legacy IDE quirk: reg 0x1c: [io  0x0376]
[    0.296426] pci 0000:00:07.0: quirk: [io  0x4000-0x403f] claimed by PIIX4 ACPI
[    0.300018] pci 0000:00:07.0: quirk: [io  0x4100-0x410f] claimed by PIIX4 SMB
[    0.326064] ACPI: PCI Interrupt Link [LNKA] (IRQs 5 9 10 *11)
[    0.328258] ACPI: PCI Interrupt Link [LNKB] (IRQs 5 9 *10 11)
[    0.332108] ACPI: PCI Interrupt Link [LNKC] (IRQs 5 *9 10 11)
[    0.332842] ACPI: PCI Interrupt Link [LNKD] (IRQs 5 9 10 *11)
[    0.333748] SCSI subsystem initialized
[    0.334213] pci 0000:00:02.0: vgaarb: setting as boot VGA device
[    0.334213] pci 0000:00:02.0: vgaarb: VGA device added: decodes=io+mem,owns=io+mem,locks=none
[    0.336004] pci 0000:00:02.0: vgaarb: bridge control possible
[    0.336605] vgaarb: loaded
[    0.336959] ACPI: bus type USB registered
[    0.337416] usbcore: registered new interface driver usbfs
[    0.340021] usbcore: registered new interface driver hub
[    0.340608] usbcore: registered new device driver usb
[    0.341188] EDAC MC: Ver: 3.0.0
[    0.341188] PCI: Using ACPI for IRQ routing
[    0.344182] NetLabel: Initializing
[    0.344572] NetLabel:  domain hash size = 128
[    0.345043] NetLabel:  protocols = UNLABELED CIPSOv4 CALIPSO
[    0.345646] NetLabel:  unlabeled traffic allowed by default
[    0.348073] clocksource: Switched to clocksource kvm-clock
[    0.361591] VFS: Disk quotas dquot_6.6.0
[    0.364590] VFS: Dquot-cache hash table entries: 512 (order 0, 4096 bytes)
[    0.365469] AppArmor: AppArmor Filesystem Enabled
[    0.366017] pnp: PnP ACPI init
[    0.367039] pnp: PnP ACPI: found 3 devices
[  0.374867] clocksource acp_pm: mask: 0xffffff max_cycles: 0xffffff, max_idle_ns: 2085701024 ns
[    0.455028] NETRestered protocol family 2

[    0.535206] TCP established hash table entries: 16384 (order: 5, 131072 bytes)
[    0.536016] TCP bind hash table entries: 16384 (order: 6, 262144 bytes)
[    0.537070] TCP: Hash tables configured (established 16384 bind 16384)
[    0.537774] UDP hash table entries: 1024 (order: 3, 32768 bytes)
[    0.538402] UDP-Lite hash table entries: 1024 (order: 3, 32768 bytes)
[    0.539087] NET: Registered protocol family 1
[    0.539568] pci 0000:00:00.0: Limiting direct PCI/PCI transfers
[    0.540208] pci 0000:00:01.0: Activating ISA DMA hang workarounds
[    0.540873] pci 0000:00:02.0: Video device with shadowed ROM at [mem 0x000c0000-0x000dffff]
[    0.541813] Unpacking initramfs...
[  0397] Freeing initrd memory: 18976K

[    0.857149] platform rtc_cmos: registered platform RTC device (no PNP device found)
[    0.857978] Scanning for low memory corruption every 60 seconds
[    0.859492] Initialise system trusted keyrings
[    0.896610] Key type blacklist registered
[    0.911034] workingset: timestamp_bits=36 max_order=19 bucket_order=0
[    0.912525] zbud: loaded
[    0.937788] squashfs: version 4.0 (2009/01/31) Phillip Lougher
[    0.938547] fuse init (API version 7.26)
[    0.941154] Key type asymmetric registered
[    1.037123] Asymmetric key parser 'x509' registered
[    1.060972] Block layer SCSI generic (bsg) driver version 0.4 loaded (major 246)
[    1.079911] io scheduler noop registered
[    1.132937] io scheduler deadline registered
[    1.133459] io scheduler cfq registered (default)
[    1.134227] ACPI: AC Adapter [AC] (on-line)
[    1.134720] input: Power Button as /devices/LNXSYSTM:00/LNXPWRBN:00/input/input0
[    1.135565] ACPI: Power Button [PWRF]
[    1.136041] input: Sleep Button as /devices/LNXSYSTM:00/LNXSLPBN:00/input/input1
[    1.136843] ACPI: Sleep Button [SLPF]
[    1.137521] Serial: 8250/16550 driver, 32 ports, IRQ sharing enabled
[    1.159642] 00:02: ttyS0 at I/O 0x3f8 (irq = 4, base_baud = 115200) is a 16550A
[    1.203673] Linux agpgart interface v0.103
[    1.205205] loop: module loaded
[    1.232526] scsi host0: ata_piix
[    1.255676] scsi host1: ata_piix
[    1.305393] ata1: PATA max UDMA/33 cmd 0x1f0 ctl 0x3f6 bmdma 0xd000 irq 14
[    1.306096] ata2: PATA max UDMA/33 cmd 0x170 ctl 0x376 bmdma 0xd008 irq 15
[    1.306862] libphy: Fixed MDIO Bus: probed
[    1.307326] tun: Universal TUN/TAP device driver, 1.6
[    1.307908] PPP generic driver version 2.4.2
[    1.308427] ehci_hcd: USB 2.0 'Enhanced' Host Controller (EHCI) Driver
[    1.309109] ehci-pci: EHCI PCI platform driver
[    1.309599] ehci-platform: EHCI generic platform driver
[    1.310153] ohci_hcd: USB 1.1 'Open' Host Controller (OHCI) Driver
[    1.310799] ohci-pci: OHCI PCI platform driver
[    1.311284] ohci-platform: OHCI generic platform driver
[    1.312003] uhci_hcd: USB Universal Host Controller Interface driver
[    1.420468] i8042: PNP: PS/2 Controller [PNP0303:PS2K,PNP0f03:PS2M] at 0x60,0x64 irq 1,12
[    1.436972] serio: i8042 KBD port at 0x60,0x64 irq 1
[    1.437509] serio: i8042 AUX port at 0x60,0x64 irq 12
[    1.438127] mousedev: PS/2 mouse device common for all mice
[    1.469883] rtc_cmos rtc_cmos: rtc core: registered rtc_cmos as rtc0
[    1.531700] input: AT Translated Set 2 keyboard as /devices/platform/i8042/serio0/input/input2
[    1.537909] rtc_cmos rtc_cmos: alarms up to one day, 114 bytes nvram
[    1.538576] i2c /dev entries driver
[    1.538976] pcie_mp2_amd: AMD(R) PCI-E MP2 Communication Driver Version: 1.0
[    1.539750] device-mapper: uevent: version 1.0.3
[    1.540424] device-mapper: ioctl: 4.37.0-ioctl (2017-09-20) initialised: dm-devel@redhat.com
[    1.542463] ledtrig-cpu: registered to indicate activity on CPUs
[    1.543417] NET: Registered protocol family 10
[    1.546654] Segment Routing with IPv6
[    1.633112] NET: Registered protocol family 17
[    1.667926] Key type dns_resolver registered
[    1.668545] RAS: Correctable Errors collector initialized.
[    1.669131] sched_clock: Marking stable (1668497558, 0)->(4143442159, -2474944601)
[    1.670149] registered taskstats version 1
[    1.670601] Loading compiled-in X.509 certificates
[    1.672779] Loaded X.509 cert 'Build time autogenerated kernel key: 28c680bedc8638650c29d29ff1fd33ae66a2014d'
[    1.673797] zswap: loaded using pool lzo/zbud
[    1.686911] Key type big_key registered
[    1.714319] Key type trusted registered
[    1.716127] Key type encrypted registered
[    1.716604] AppArmor: AppArmor sha1 policy hashing enabled
[    1.717240] ima: No TPM chip found, activating TPM-bypass! (rc=-19)
[    1.717898] ima: Allocated hash algorithm: sha1
[    1.718395] evm: HMAC attrs: 0x1
[    1.718930]   Magic number: 14:879:570
[    1.719371] button LNXSLPBN:00: hash matches
[    1.719887] rtc_cmos rtc_cmos: setting system clock to 2018-12-01 07:34:21 UTC (1543649661)
[    1.720866] BIOS EDD facility v0.16 2004-Jun-25, 0 devices found
[    1.721492] EDD information not available.
[    1.723771] Freeing unused kernel memory: 2408K
[    1.748129] Write protecting the kernel read-only data: 20480k
[    1.847387] Freeing unused kernel memory: 2008K
[    1.966837] tsc: Refined TSC clocksource calibration: 3505.061 MHz
[    1.972809] clocksource: tsc: mask: 0xffffffffffffffff max_cycles: 0x3285fdf6c15, max_idle_ns: 440795312123 ns
[    1.982952] Freeing unused kernel memory: 1896K
[    2.024171] x86/mm: Checked W+X mappings: passed, no W+X pages found.
[    2.024965] x86/mm: Checking user space page tables
[    2.029161] x86/mm: Checked W+X mappings: passed, no W+X pages found.
Loading, please wait...
starting version 237
[    2.150201] e1000: Intel(R) PRO/1000 Network Driver - version 7.3.21-k8-NAPI
[    2.230498] e1000: Copyright (c) 1999-2006 Intel Corporation.
[    2.247728] Fusion MPT base driver 3.04.20
[    2.280269] Copyright (c) 1999-2008 LSI Corporation
[    2.349200] Fusion MPT SPI Host driver 3.04.20
[    2.415965] AVX2 version of gcm_enc/dec engaged.
[    2.509400] AES CTR mode by8 optimization enabled
[    2.551717] input: ImExPS/2 Generic Explorer Mouse as /devices/platform/i8042/serio1/input/input4
[    2.664456] e1000 0000:00:03.0 eth0: (PCI:33MHz:32-bit) 02:ad:f7:32:92:86
[    2.664461] e1000 0000:00:03.0 eth0: Intel(R) PRO/1000 Network Connection
[    3.014881] e1000 0000:00:08.0 eth1: (PCI:33MHz:32-bit) 08:00:27:1b:67:da
[    3.047374] e1000 0000:00:08.0 eth1: Intel(R) PRO/1000 Network Connection
[    3.069462] e1000 0000:00:08.0 enp0s8: renamed from eth1
[    3.115063] mptbase: ioc0: Initiating bringup
[    3.165384] e1000 0000:00:03.0 enp0s3: renamed from eth0
[    3.261014] ioc0: LSI53C1030 A0: Capabilities={Initiator}
[    4.565538] scsi host2: ioc0: LSI53C1030 A0, FwRev=00000000h, Ports=1, MaxQ=256, IRQ=20
[    4.821641] scsi 2:0:0:0: Direct-Access     VBOX     HARDDISK         1.0  PQ: 0 ANSI: 5
[    4.876187] scsi target2:0:0: Beginning Domain Validation
[    4.892660] scsi target2:0:0: Domain Validation skipping write tests
[    4.921614] scsi target2:0:0: Ending Domain Validation
[    4.941475] scsi target2:0:0: asynchronous
[    4.954481] scsi 2:0:1:0: Direct-Access     VBOX     HARDDISK         1.0  PQ: 0 ANSI: 5
[    5.012125] scsi target2:0:1: Beginning Domain Validation
[    5.056537] random: fast init done
[    5.101232] scsi target2:0:1: Domain Validation skipping write tests
[    5.165729] scsi target2:0:1: Ending Domain Validation
[    5.166643] scsi target2:0:1: asynchronous
[    5.185642] random: systemd-udevd: uninitialized urandom read (16 bytes read)
[    5.186432] sd 2:0:0:0: Attached scsi generic sg0 type 0
[    5.186592] sd 2:0:0:0: [sda] 20971520 512-byte logical blocks: (10.7 GB/10.0 GiB)
[    5.186604] random: systemd-udevd: uninitialized urandom read (16 bytes read)
[    5.186606] random: systemd-udevd: uninitialized urandom read (16 bytes read)
[    5.186624] sd 2:0:0:0: [sda] Write Protect is off
[    5.186697] sd 2:0:0:0: [sda] Incomplete mode parameter data
[    5.186698] sd 2:0:0:0: [sda] Assuming drive cache: write through
[    5.187184]  sda: sda1
[    5.187567] sd 2:0:0:0: [sda] Attached SCSI disk
[    5.631688] sd 2:0:1:0: [sdb] 20480 512-byte logical blocks: (10.5 MB/10.0 MiB)
[    5.729932] sd 2:0:1:0: Attached scsi generic sg1 type 0
[    5.730067] sd 2:0:1:0: [sdb] Write Protect is off
[    5.730122] sd 2:0:1:0: [sdb] Incomplete mode parameter data
[    5.730123] sd 2:0:1:0: [sdb] Assuming drive cache: write through
[    5.732567] sd 2:0:1:0: [sdb] Attached SCSI disk
Begin: Loading essential drivers ... [    7.204024] raid6: sse2x1   gen() 13229 MB/s
[    7.260022] raid6: sse2x1   xor()  9799 MB/s
[    7.352014] raid6: sse2x2   gen() 16623 MB/s
[    7.428017] raid6: sse2x2   xor() 11255 MB/s
[    7.560019] raid6: sse2x4   gen() 19248 MB/s
[    7.628025] raid6: sse2x4   xor() 11766 MB/s
[    7.696041] raid6: avx2x1   gen() 26722 MB/s
[    7.796070] raid6: avx2x1   xor() 18951 MB/s
[    7.848043] raid6: avx2x2   gen() 32840 MB/s
[    7.928024] raid6: avx2x2   xor() 20824 MB/s
[    8.076021] raid6: avx2x4   gen() 37561 MB/s
[    8.160015] raid6: avx2x4   xor() 22493 MB/s
[    8.165925] raid6: using algorithm avx2x4 gen() 37561 MB/s
[    8.254827] raid6: .... xor() 22493 MB/s, rmw enabled
[    8.255365] raid6: using avx2x2 recovery algorithm
[    8.256877] xor: automatically using best checksumming function   avx       
[    8.258437] async_tx: api initialized (async)
done.
Begin: Running /scripts/init-premount ... done.
Begin: Mounti[    8.293326] Btrfs loaded, crc32c=crc32c-intel
ng root file system ... Begin: R[    8.437527] EXT4-fs (sda1): mounted filesystem with ordered data mode. Opts: (null)
unning /scripts/local-top ... done.
Begin: Running /scripts/local-premount ... Scanning for Btrfs filesystems
done.
Warning: fsck not present, so skipping root file system
done.
Begin: Running /scripts/local-bottom ... done.
Begin: Running /scripts/init-bottom ... done.
[    8.664899] ip_tables: (C) 2000-2006 Netfilter Core Team
[    8.673629] systemd[1]: systemd 237 running in system mode. (+PAM +AUDIT +SELINUX +IMA +APPARMOR +SMACK +SYSVINIT +UTMP +LIBCRYPTSETUP +GCRYPT +GNUTLS +ACL +XZ +LZ4 +SECCOMP +BLKID +ELFUTILS +KMOD -IDN2 +IDN -PCRE2 default-hierarchy=hybrid)
[    8.752281] systemd[1]: Detected virtualization oracle.
[    8.753260] systemd[1]: Detected architecture x86-64.

Welcome to [1mUbuntu 18.04.1 LTS[0m!

[    8.776648] systemd[1]: Set hostname to <ubuntu>.
[    9.081364] systemd[1]: Initializing machine ID from random generator.
[    9.150769] systemd[1]: Installed transient /etc/machine-id file.
[    9.408779] systemd[1]: Reached target User and Group Name Lookups.
[[0;32m  OK  [0m] Reached target User and Group Name Lookups.
[    9.448314] systemd[1]: Reached target System Time Synchronized.
[[0;32m  OK  [0m] Reached target System Time Synchronized.
[    9.564390] systemd[1]: Set up automount Arbitrary Executable File Formats File System Automount Point.
[[0;32m  OK  [0m] Set up automount Arbitrary Executab…rmats File System Automount Point.
[    9.616167] systemd[1]: Started Forward Password Requests to Wall Directory Watch.
[[0;32m  OK  [0m] Started Forward Password Requests to Wall Directory Watch.
[[0;32m  OK  [0m] Created slice System Slice.
[[0;32m  OK  [0m] Listening on LVM2 metadata daemon socket.
[[0;32m  OK  [0m] Listening on /dev/initctl Compatibility Named Pipe.
[[0;32m  OK  [0m] Created slice system-serial\x2dgetty.slice.
[[0;32m  OK  [0m] Listening on udev Control Socket.
[[0;32m  OK  [0m] Listening on udev Kernel Socket.
[[0;32m  OK  [0m] Listening on Syslog Socket.
[[0;32m  OK  [0m] Listening on Device-mapper event daemon FIFOs.
[[0;32m  OK  [0m] Listening on Journal Socket (/dev/log).
[[0;32m  OK  [0m] Listening on LVM2 poll daemon socket.
[[0;32m  OK  [0m] Listening on Journal Audit Socket.
[[0;32m  OK  [0m] Listening on Journal Socket.
         Starting Uncomplicated firewall...
         Starting Load Kernel Modules...
         Starting Journal Service...
         Mounting Kernel Debug File System...
[    9.820372] Loading iSCSI transport class v2.0-870.
         Starting Monitoring of LVM2 mirrors…ng dmeventd or progress polling...
         Mounting Huge Pages File System...
[    9.892384] iscsi: registered transport (tcp)
         Starting Remount Root and Kernel File Systems...
[    9.957958] iscsi: registered transport (iser)
[[0;32m  OK  [0m] Created slice User and Session Slice.
[[0;32m  OK  [0m] Reached targ[    9.983359] EXT4-fs (sda1): re-mounted. Opts: (null)
et Slices.
         Starting Set the console keyboard layout...
         Starting Create list of required st…ce nodes for the current kernel...
         Starting udev Coldplug all Devices...
         Mounting POSIX Message Queue File System...
[[0;32m  OK  [0m] Listening on Network Service Netlink Socket.
[[0;32m  OK  [0m] Reached target Swap.
[[0;32m  OK  [0m] Started Journal Service.
[[0;32m  OK  [0m] Started Uncomplicated firewall.
[[0;32m  OK  [0m] Started Load Kernel Modules.
[[0;32m  OK  [0m] Mounted Kernel Debug File System.
[[0;32m  OK  [0m] Mounted Huge Pages File System.
[[0;32m  OK  [0m] Started Remount Root and Kernel File Systems.
[[0;32m  OK  [0m] Started Set the console keyboard layout.
[[0;32m  OK  [0m] Started Create list of required sta…vice nodes for the current kernel.
[[0;32m  OK  [0m] Mounted POSIX Message Queue File System.
[[0;32m  OK  [0m] Started udev Coldplug all Devices.
[[0;32m  OK  [0m] Started LVM2 metadata daemon.
[   10.633665] random: crng init done
[   10.670432] random: 7 urandom warning(s) missed due to ratelimiting
         Starting Create Static Device Nodes in /dev...
         Starting Initial cloud-init job (pre-networking)...
         Starting Load/Save Random Seed...
         Mounting FUSE Control File System...
         Mounting Kernel Configuration File System...
         Starting Apply Kernel Variables...
         Starting Flush Journal to Persistent Storage...
[[0;32m  OK  [0m] Started Monitoring of LVM2 mirrors,…sing dmeventd or progress polling.
[[0;32m  OK  [0m] Started Create Static Device Nodes in /dev.
[[0;32m  OK  [0m] Started Load/Save Random Seed.
[[0;32m  OK  [0m] Mounted FUSE Control File System.
[[0;32m  OK  [0m] Mounted Kernel Configuration File System.
[[0;32m  OK  [0m] Started Apply Kernel Variables.
         Starting udev Kernel Device Manager...
[[0;32m  OK  [0m] Reached target Local File Systems (Pre).
[[0;32m  OK  [0m] Reached target Local File Systems.
         Starting ebtables ruleset management...
         Starting Set console font and keymap...
         Starting AppArmor initialization...
         Starting Tell Plymouth To Write Out Runtime Data...
         Starting Commit a transient machine-id on disk...
[[0;32m  OK  [0m] Started udev Kernel Device Manager.
[[0;32m  OK  [0m] Started Dispatch Password Requests to Console Directory Watch.
[[0;32m  OK  [0m] Reached target Local Encrypted Volumes.
[[0;32m  OK  [0m] Started Set console font and keymap.
[[0;32m  OK  [0m] Started Tell Plymouth To Write Out Runtime Data.
[[0;32m  OK  [0m] Found device /dev/ttyS0.
[[0;32m  OK  [0m] Started Flush Journal to Persistent Storage.
[[0;32m  OK  [0m] Started Commit a transient machine-id on disk.
         Starting Create Volatile Files and Directories...
[[0;32m  OK  [0m] Started Create Volatile Files and Directories.
[[0;32m  OK  [0m] Listening on Load/Save RF Kill Switch Status /dev/rfkill Watch.
         Starting Update UTMP about System Boot/Shutdown...
[[0;32m  OK  [0m] Started ebtables ruleset management.
[[0;32m  OK  [0m] Started Update UTMP about System Boot/Shutdown.
[   12.043554] cloud-init[403]: Cloud-init v. 18.4-0ubuntu1~18.04.1 running 'init-local' at Sat, 01 Dec 2018 07:34:31 +0000. Up 11.63 seconds.
[[0;32m  OK  [0m] Started Initial cloud-init job (pre-networking).
[[0;32m  OK  [0m] Started AppArmor initialization.
[[0;32m  OK  [0m] Reached target Network (Pre).
         Starting Network Service...
[[0;32m  OK  [0m] Started Network Service.
         Starting Network Name Resolution...
         Starting Wait for Network to be Configured...
[[0;32m  OK  [0m] Started Network Name Resolution.
[[0;32m  OK  [0m] Reached target Network.
[[0;32m  OK  [0m] Reached target Host and Network Name Lookups.
[[0;32m  OK  [0m] Started Wait for Network to be Configured.
         Starting Initial cloud-init job (metadata service crawler)...
[   13.784473] cloud-init[635]: Cloud-init v. 18.4-0ubuntu1~18.04.1 running 'init' at Sat, 01 Dec 2018 07:34:33 +0000. Up 13.68 seconds.
[   13.844975] cloud-init[635]: ci-info: ++++++++++++++++++++++++++++++++++++++Net device info+++++++++++++++++++++++++++++++++++++++
[   13.888341] cloud-init[635]: ci-info: +--------+-------+----------------------------+---------------+--------+-------------------+
[   13.932781] cloud-init[635]: ci-info: | Device |   Up  |          Address           |      Mask     | Scope  |     Hw-Address    |
[   13.989289] cloud-init[635]: ci-info: +--------+-------+----------------------------+---------------+--------+-------------------+
[   14.096366] cloud-init[635]: ci-info: | enp0s3 |  True |         10.0.2.15          | 255.255.255.0 | global | 02:ad:f7:32:92:86 |
[   14.154307] cloud-init[635]: ci-info: | enp0s3 |  True | fe80::ad:f7ff:fe32:9286/64 |       .       |  link  | 02:ad:f7:32:92:86 |
[   14.176548] cloud-init[635]: ci-info: | enp0s8 | False |             .              |       .       |   .    | 08:00:27:1b:67:da |
[   14.196199] cloud-init[635]: ci-info: |   lo   |  True |         127.0.0.1          |   255.0.0.0   |  host  |         .         |
[   14.261314] cloud-init[635]: ci-info: |   lo   |  True |          ::1/128           |       .       |  host  |         .         |
[   14.296411] cloud-init[635]: ci-info: +--------+-------+----------------------------+---------------+--------+-------------------+
[   14.322677] cloud-init[635]: ci-info: ++++++++++++++++++++++++++++Route IPv4 info+++++++++++++++++++++++++++++
[   14.388927] cloud-init[635]: ci-info: +-------+-------------+----------+-----------------+-----------+-------+
[   14.403133] cloud-init[635]: ci-info: | Route | Destination | Gateway  |     Genmask     | Interface | Flags |
[   14.432871] cloud-init[635]: ci-info: +-------+-------------+----------+-----------------+-----------+-------+
[   14.441260] cloud-init[635]: ci-info: |   0   |   0.0.0.0   | 10.0.2.2 |     0.0.0.0     |   enp0s3  |   UG  |
[   14.442112] cloud-init[635]: ci-info: |   1   |   10.0.2.0  | 0.0.0.0  |  255.255.255.0  |   enp0s3  |   U   |
[   14.481131] cloud-init[635]: ci-info: |   2   |   10.0.2.2  | 0.0.0.0  | 255.255.255.255 |   enp0s3  |   UH  |
[   14.482642] cloud-init[635]: ci-info: +-------+-------------+----------+-----------------+-----------+-------+
[   14.500363] cloud-init[635]: ci-info: +++++++++++++++++++Route IPv6 info+++++++++++++++++++
[   14.501048] cloud-init[635]: ci-info: +-------+-------------+---------+-----------+-------+
[   14.501746] cloud-init[635]: ci-info: | Route | Destination | Gateway | Interface | Flags |
[   14.502434] cloud-init[635]: ci-info: +-------+-------------+---------+-----------+-------+
[   14.503277] cloud-init[635]: ci-info: |   1   |  fe80::/64  |    ::   |   enp0s3  |   U   |
[[0;32m  OK  [0m] Started Initial cloud-init job (metadata service crawler).
[[0;32m  OK  [0m] Reached target Cloud-config availability.
[[0;32m  OK  [0m] Reached target Network is Online.
[   14.622142] cloud-init[635]: ci-info: |   3   |    local    |    ::   |   enp0s3  |   U   |
[   14.789058] cloud-init[635]: ci-info: |   4   |   ff00::/8  |    ::   |   enp0s3  |   U   |
[   14.814721] cloud-init[635]: ci-info: +-------+-------------+---------+-----------+-------+
[[0;32m  OK  [0m] Reached target Remote File Systems (Pre).
[[0;32m  OK  [0m] Reached target Remote File Systems.
[   14.846575] cloud-init[635]: Generating public/private rsa key pair.
         Starting Availability of block devices...
[[0;32m  OK  [0m] Reached target System Initialization.
[   14.922449] cloud-init[635]: Your identification has been saved in /etc/ssh/ssh_host_rsa_key.
[   14.961379] cloud-init[635]: Your public key has been saved in /etc/ssh/ssh_host_rsa_key.pub.
         [   15.020486] cloud-init[635]: The key fingerprint is:
[   15.021183] cloud-init[635]: SHA256:tp8ajT0ETOrJKmQ0diN452AK0tDYrSm8WBoxPEh0OHM root@ubuntu-bionic
Starting LXD - unix socket.
[   15.022502] cloud-init[635]: The key's randomart image is:
[[   15.108518] cloud-init[635]: +---[RSA 2048]----+
[   15.108970] cloud-init[635]: |**.o    .        |
[   15.110323] cloud-init[635]: |=X+E.  +         |
[   15.111017] cloud-init[635]: |=o#o+ . o        |
[   15.111736] cloud-init[635]: |=B+B + . .       |
[   15.113343] cloud-init[635]: |o=+ . + S .      |
[   15.115260] cloud-init[635]: |o+   . . *       |
[   15.119633] cloud-init[635]: |  . .   + +      |
[0;32m  OK  [0m] Listening on ACPID Listen Socket.
[   15.119845] cloud-init[635]: |   .     o o     |
[[   15.252358] cloud-init[635]: |        ..o      |
[   15.252641] cloud-init[635]: +----[SHA256]-----+[0;32m  OK  [0m
] Started Discard unused blocks once a week.
[   15.252885] cloud-init[635]: Generating public/private dsa key pair.
         Starting Socket activation for snappy daemon.
[   15.327329] [[0;32m  OK  [0m] Listening on UUID daemon activation socket.
[[0;32m  OK  [0m] Started Message of the Day.
[[0;32m  OK  [0m] Listening on Open-iSCSI iscsid Socket.
cloud-init[635]: Your identification has been saved in /etc/ssh/ssh_host_dsa_key.
[[0;32m  OK  [0m] Started ACPI Events Check.
[   15.359470] [cloud-init[0;32m  OK  [0m[635]: ] Your public key has been saved in /etc/ssh/ssh_host_dsa_key.pub.Started Daily Cleanup of Temporary Directories.

[[0;32m  OK  [0m] Reached target Paths.
[   15.406794] [[0;32m  OK  [0m] Listening on D-Bus System Message Bus Socket.
[[0;32m  OK  [0m] Started Daily apt download activities.
cloud-init[635]: The key fingerprint is:
[[0;32m  OK  [0m] Started Daily apt upgrade and clean activities.
[   15.443714] [cloud-init[0;32m  OK  [0m[635]: ] SHA256:U3J5GXGr0nohJFTjyLcq2LiPWAxXrABf3ycvj3PZxVM root@ubuntu-bionicReached target Timers.

[   15.504807] [cloud-init[0;32m  OK  [0m[635]: ] The key's randomart image is:Started Availability of block devices.

[[0;32m  OK  [0m] Listening on LXD - unix socket.
[   15.536337] [cloud-init[0;32m  OK  [0m[635]: ] +---[DSA 1024]----+Listening on Socket activation for snappy daemon.

[[0;32m  OK  [0m] Reached target Sockets.
[[0;32m  OK  [0m] Reached target Basic System.
[   15.558849] cloud-init[635]: |.   .   ..o o..  |
         Starting Virtualbox guest utils...
[   15.624538]          Starting Pollinate to seed the pseudo random number generator...
         Starting Permit User Sessions...
[[0;32m  OK  [0m] Started irqbalance daemon.
cloud-init[635]: | o . o + o o + . |
         Starting Dispatcher daemon for systemd-networkd...
         Starting Accounts Service...
[   15.720980] cloud-init[635]: |  o   + B O o . E|
[   15.856230] cloud-init[635]: |   . o   @ + o . |
         Starting Snappy daemon...
[   15.900416] cloud-init[635]: |  . o   S = + +  |
[[0;32m  OK  [0m] Started D-Bus System Message Bus.
[   15.968414] cloud-init[635]: |   + +   * * o . |
[   15.997737] cloud-init[635]: |    = o + = o    |
[[0;32m  OK  [0m] Started FUSE filesystem for LXC.
[   16.033676] cloud-init[635]: |   o o . o .     |
[   16.036306]          Starting System Logging Service...
cloud-init[635]: |  . o..          |
[   16.094561] cloud-init[635]: +----[SHA256]-----+
[[0;32m  OK  [0m] Started Regular background program processing daemon.
[   16.114134] cloud-init[635]: Generating public/private ecdsa key pair.
         Starting Login Service...
[   16.141574]          Starting LSB: Record successful boot for GRUB...
cloud-init[635]: Your identification has been saved in /etc/ssh/ssh_host_ecdsa_key.
[[0;32m  OK  [0m] Started Unattended Upgrades Shutdown.
[   16.264160] cloud-init[635]: Your public key has been saved in /etc/ssh/ssh_host_ecdsa_key.pub.
[   16.266285] cloud-init[635]: The key fingerprint is:
         Starting LSB: automatic crash report generation...
[[0;32m  OK  [0m] Started Deferred execution scheduler.
         Starting LXD - container startup/shutdown...
[   16.299147] cloud-init[635]: SHA256:p6RSq0J+110QiON/5gHhFVsyviMJ1gcaRHWT91JzZx4 root@ubuntu-bionic
[[   16.433673] cloud-init[635]: The key's randomart image is:
[   16.434069] cloud-init[635]: +---[ECDSA 256]---+
[0;32m  OK  [0m] Started Dispatcher daemon for systemd-networkd.
[[0;32m  OK  [0m] Started System Logging Service.
[[0;32m  OK  [0m] Started Snappy daemon.
[   16.434815] cloud-init[635]: |     o+oo.*o.    |
[   16.500230] cloud-init[635]: |      o+o++*. oE+|
[[   16.504704] cloud-init[635]: |     .+o.o+o o =o|
[   16.504830] cloud-init[635]: |     ...oo... . .|
[   16.505154] cloud-init[635]: |      ..S.+. .   |
[   16.505465] cloud-init[635]: |  .  . +.++..    |
[   16.505783] cloud-init[635]: | o  . o..= o     |
[   16.505956] cloud-init[635]: |  o .o. . o      |
[   16.506278] cloud-init[635]: |   o..           |
[   16.506599] cloud-init[635]: +----[SHA256]-----+
[   16.506923] cloud-init[635]: Generating public/private ed25519 key pair.
[   16.507249] cloud-init[635]: Your identification has been saved in /etc/ssh/ssh_host_ed25519_key.
[   16.507572] cloud-init[635]: Your public key has been saved in /etc/ssh/ssh_host_ed25519_key.pub.
[   16.507892] cloud-init[635]: The key fingerprint is:
[   16.508231] cloud-init[635]: SHA256:KIsKr49bs+21k081kTGH6GS78j5NEHm6/GHpTGb8QOA root@ubuntu-bionic
[   16.508553] cloud-init[635]: The key's randomart image is:
[   16.508879] cloud-init[635]: +--[ED25519 256]--+
[   16.509208] cloud-init[635]: |         oo..    |
[0;32m  OK  [0m] Started Permit User Sessions.
[[0;32m  OK  [0m] Started Pollinate to seed the pseudo random number generator.
[[0;32m  OK  [0m] Started LXD - container startup/shutdown.
[   16.509539] cloud-init[635]: |        B o=     |
[[0;32m  OK  [0m] Started Login Service.
[   16.909471] cloud-init[635]: |       = *o      |
         Starting Authorization Manager...
[   16.993322] cloud-init[635]: |       .E ..     |
[   17.029082] cloud-init[635]: |    . ..S*o.     |
         Starting OpenBSD Secure Shell server...
[   17.042698] cloud-init[635]: |   . o. +.@.     |
         Starting Hold until boot process finishes up...
[   17.086135] cloud-init[635]: |. + . .+.@ +     |         Starting Terminate Plymouth Boot Screen...
         Starting Wait until snapd is fully seeded...
[[0;32m  OK  [0m] Started Virtualbox guest utils.
[[0;32m  OK  [0m] Started LSB: Record successful boot for GRUB.

[[0;32m  OK  [0m] Started LSB: automatic crash report generation.
[   17.152436] cloud-init[635]: |.= + .ooo = .    |
[[0;32m  OK  [0m] Started Hold until boot process finishes up.
[   17.192880] cloud-init[635]: |=++.o .+o.       |
[[0;32m  OK  [0m] Started OpenBSD Secure Shell server.
[   17.226081] cloud-init[635]: +----[SHA256]-----+
[[0;32m  OK  [0m] Started Terminate Plymouth Boot Screen.
[[0;32m  OK  [0m] Started Authorization Manager.
[[0;32m  OK  [0m] Started Accounts Service.
[[0;32m  OK  [0m] Started Serial Getty on ttyS0.
         Starting Set console scheme...
[[0;32m  OK  [0m] Started Set console scheme.
[[0;32m  OK  [0m] Created slice User Slice of vagrant.
[[0;32m  OK  [0m] Created slice system-getty.slice.
[[0;32m  OK  [0m] Started Getty on tty1.
[[0;32m  OK  [0m] Reached target Login Prompts.
         Starting User Manager for UID 1000...
[[0;32m  OK  [0m] Started Session 1 of user vagrant.
[[0;32m  OK  [0m] Started User Manager for UID 1000.
[[0;32m  OK  [0m] Started Wait until snapd is fully seeded.
         Starting Apply the settings specified in cloud-config...
[[0;32m  OK  [0m] Reached target Multi-User System.
[[0;32m  OK  [0m] Reached target Graphical Interface.
         Starting Update UTMP about System Runlevel Changes...
[[0;32m  OK  [0m] Started Update UTMP about System Runlevel Changes.
[   22.277137] cloud-init[1429]: Cloud-init v. 18.4-0ubuntu1~18.04.1 running 'modules:config' at Sat, 01 Dec 2018 07:34:41 +0000. Up 21.98 seconds.
[[0;32m  OK  [0m] Started Apply the settings specified in cloud-config.
ci-info: no authorized ssh keys fingerprints found for user ubuntu.
<14>Dec  1 07:34:42 ec2: 
<14>Dec  1 07:34:42 ec2: #############################################################
<14>Dec  1 07:34:42 ec2: -----BEGIN SSH HOST KEY FINGERPRINTS-----
<14>Dec  1 07:34:42 ec2: 1024 SHA256:U3J5GXGr0nohJFTjyLcq2LiPWAxXrABf3ycvj3PZxVM root@ubuntu-bionic (DSA)
<14>Dec  1 07:34:42 ec2: 256 SHA256:p6RSq0J+110QiON/5gHhFVsyviMJ1gcaRHWT91JzZx4 root@ubuntu-bionic (ECDSA)
<14>Dec  1 07:34:42 ec2: 256 SHA256:KIsKr49bs+21k081kTGH6GS78j5NEHm6/GHpTGb8QOA root@ubuntu-bionic (ED25519)
<14>Dec  1 07:34:42 ec2: 2048 SHA256:tp8ajT0ETOrJKmQ0diN452AK0tDYrSm8WBoxPEh0OHM root@ubuntu-bionic (RSA)
<14>Dec  1 07:34:42 ec2: -----END SSH HOST KEY FINGERPRINTS-----
<14>Dec  1 07:34:42 ec2: #############################################################
-----BEGIN SSH HOST KEY KEYS-----
ecdsa-sha2-nistp256 AAAAE2VjZHNhLXNoYTItbmlzdHAyNTYAAAAIbmlzdHAyNTYAAABBBP+PsVGUJQlzA+rGt1HAH2mQNghNMJWxf8QLu8N/CLnqI2kdERadJWClLT7M5UJZSbHHvWBFuh4EBL5MRlyu/l4= root@ubuntu-bionic
ssh-ed25519 AAAAC3NzaC1lZDI1NTE5AAAAIO33AGhyQbtdK3zySvqzPdh4kMvF7lwp+oNa9gveG2dp root@ubuntu-bionic
ssh-rsa AAAAB3NzaC1yc2EAAAADAQABAAABAQC1yXLvW6fiOUNavqeQ7ZFF5uqjEcN/dZ++evToP82dBOTXve1RCAnS4JgRPil+KsNpmcJY3Fyv1cFBWEQO2Vg76GTnmJLurbkmQmrHih5FrXTQQbZJ2J5uGVPrx8BTst4Aw0FUGagiuRvVFAhNH+8AR/6rdVwWDoT7ee36LtbmJCmNE9C7+fO8ivB5ckONJN0K/GsAlrzlZNjd8aFSmHd3U37NWEI0PxLRzLnVfQfQRqY5qNUmfjwft6QTaDz6xNgdgye8ZQL2CGrZ6fUDbM3jHyeIUcaL5EngDzfmq0m7ki6U0LEgy1jEqjisbe4YWHnsiVGkEr2EHzKCSYKdfieJ root@ubuntu-bionic
-----END SSH HOST KEY KEYS-----
[   22.751165] cloud-init[1497]: Cloud-init v. 18.4-0ubuntu1~18.04.1 running 'modules:final' at Sat, 01 Dec 2018 07:34:42 +0000. Up 22.65 seconds.
[   22.751276] cloud-init[1497]: ci-info: no authorized ssh keys fingerprints found for user ubuntu.
[   22.751312] cloud-init[1497]: Cloud-init v. 18.4-0ubuntu1~18.04.1 finished at Sat, 01 Dec 2018 07:34:42 +0000. Datasource DataSourceNoCloud [seed=/dev/sdb][dsmode=net].  Up 22.74 seconds

Ubuntu 18.04.1 LTS ubuntu-bionic ttyS0

ubuntu-bionic login: 